00:22:46 - INF - <module> - ('Microservicio de Reservas Iniciado',)
00:22:47 - INF - <module> - ('Microservicio de Reservas Iniciado',)
00:24:09 - INF - <module> - ('Microservicio de Reservas Finalizado',)
00:24:09 - INF - <module> - ('Microservicio de Reservas Finalizado',)
00:25:11 - INF - token_generate - ('Token Generado-> eyJhbGciOiJIUzI1NiIsInR5cCI6IkpXVCJ9.eyJpYXQiOjE3Njk3NTA3MTEsImV4cCI6MTc2OTc1NDMxMSwidXNlcm5hbWUiOiJhZG1pbiJ9.WF-dKsxL1mWXJra_OrJ5SbHJmyQyzsHjBTQwTN3isL0',)
00:25:32 - INF - <module> - ('Microservicio de Reservas Iniciado',)
00:25:32 - INF - <module> - ('Microservicio de Reservas Iniciado',)
00:49:32 - INF - post - ('Servicio para crear cliente ejecutado',)
01:02:54 - INF - get - ('Servicio para listar clientes ejecutado',)
01:05:20 - INF - get - ('Servicio para listar clientes ejecutado',)
01:06:15 - INF - <module> - ('Microservicio de Reservas Finalizado',)
01:06:15 - INF - <module> - ('Microservicio de Reservas Finalizado',)
01:06:24 - INF - <module> - ('Microservicio de Reservas Iniciado',)
01:06:25 - INF - <module> - ('Microservicio de Reservas Iniciado',)
01:07:13 - INF - post - ('Servicio para crear cliente ejecutado',)
01:07:25 - INF - get - ('Servicio para listar clientes ejecutado',)
01:10:11 - INF - get - ('Servicio para listar clientes ejecutado',)
01:10:22 - INF - <module> - ('Microservicio de Reservas Finalizado',)
01:10:22 - INF - <module> - ('Microservicio de Reservas Finalizado',)
01:10:30 - INF - <module> - ('Microservicio de Reservas Iniciado',)
01:10:30 - INF - <module> - ('Microservicio de Reservas Iniciado',)
01:15:20 - INF - <module> - ('Microservicio de Reservas Finalizado',)
01:15:20 - INF - <module> - ('Microservicio de Reservas Finalizado',)
01:21:42 - INF - <module> - ('Microservicio de Reservas Iniciado',)
01:21:42 - INF - <module> - ('Microservicio de Reservas Iniciado',)
01:22:06 - INF - get - ('Servicio para listar clientes ejecutado',)
01:23:36 - INF - <module> - ('Microservicio de Reservas Finalizado',)
01:23:38 - INF - <module> - ('Microservicio de Reservas Iniciado',)
01:23:53 - INF - <module> - ('Microservicio de Reservas Finalizado',)
01:23:54 - INF - <module> - ('Microservicio de Reservas Iniciado',)
01:24:06 - INF - get - ('Servicio para listar clientes ejecutado',)
01:24:29 - INF - <module> - ('Microservicio de Reservas Finalizado',)
01:24:29 - INF - <module> - ('Microservicio de Reservas Finalizado',)
01:24:34 - INF - <module> - ('Microservicio de Reservas Iniciado',)
01:24:35 - INF - <module> - ('Microservicio de Reservas Iniciado',)
01:24:55 - INF - get - ('Servicio para listar clientes ejecutado',)
01:25:28 - INF - <module> - ('Microservicio de Reservas Finalizado',)
01:25:28 - INF - <module> - ('Microservicio de Reservas Finalizado',)
01:29:07 - INF - <module> - ('Microservicio de Reservas Iniciado',)
01:29:08 - INF - <module> - ('Microservicio de Reservas Iniciado',)
01:33:41 - INF - <module> - ('Microservicio de Reservas Finalizado',)
01:33:41 - INF - <module> - ('Microservicio de Reservas Finalizado',)
01:33:52 - INF - token_generate - ('Token Generado-> eyJhbGciOiJIUzI1NiIsInR5cCI6IkpXVCJ9.eyJpYXQiOjE3Njk3NTQ4MzIsImV4cCI6MTc2OTc1ODQzMiwidXNlcm5hbWUiOiJhZG1pbiJ9.4E5xAV9OBW-6624H_hwEvLrnQ9bJwemwMgoT2pAbrK4',)
01:34:56 - INF - <module> - ('Microservicio de Reservas Iniciado',)
01:34:57 - INF - <module> - ('Microservicio de Reservas Iniciado',)
01:37:02 - INF - <module> - ('Microservicio de Reservas Finalizado',)
01:37:03 - INF - <module> - ('Microservicio de Reservas Finalizado',)
01:37:09 - INF - <module> - ('Microservicio de Reservas Iniciado',)
01:37:10 - INF - <module> - ('Microservicio de Reservas Iniciado',)
01:39:23 - INF - <module> - ('Microservicio de Reservas Finalizado',)
01:39:24 - INF - <module> - ('Microservicio de Reservas Finalizado',)
01:39:37 - INF - token_generate - ('Token Generado-> eyJhbGciOiJIUzI1NiIsInR5cCI6IkpXVCJ9.eyJpYXQiOjE3Njk3NTUxNzcsImV4cCI6MTc2OTc1ODc3NywidXNlcm5hbWUiOiJhZG1pbiJ9.rcHU4pcjBpatBxIidLQZ9Ts8Mhg4Gdtmku8UaNEel0E',)
01:40:30 - INF - <module> - ('Microservicio de Reservas Iniciado',)
01:40:31 - INF - <module> - ('Microservicio de Reservas Iniciado',)
01:43:38 - INF - <module> - ('Microservicio de Reservas Finalizado',)
01:43:38 - INF - <module> - ('Microservicio de Reservas Finalizado',)
01:46:26 - INF - token_generate - ('Token Generado-> eyJhbGciOiJIUzI1NiIsInR5cCI6IkpXVCJ9.eyJpYXQiOjE3Njk3NTU1ODYsImV4cCI6MTc3MDM2MDM4NiwidXNlcm5hbWUiOiJhZG1pbiJ9.xasLqtzEIbFKI1T5vAQni5X-atwz2xyV3mNfoTBKOLs',)
01:46:56 - INF - <module> - ('Microservicio de Reservas Iniciado',)
01:46:57 - INF - <module> - ('Microservicio de Reservas Iniciado',)
01:47:54 - INF - <module> - ('Microservicio de Reservas Finalizado',)
01:47:55 - INF - <module> - ('Microservicio de Reservas Iniciado',)
01:48:05 - INF - <module> - ('Microservicio de Reservas Finalizado',)
01:48:06 - INF - <module> - ('Microservicio de Reservas Iniciado',)
01:48:30 - INF - <module> - ('Microservicio de Reservas Finalizado',)
01:48:31 - INF - <module> - ('Microservicio de Reservas Iniciado',)
01:52:17 - INF - <module> - ('Microservicio de Reservas Finalizado',)
01:52:18 - INF - <module> - ('Microservicio de Reservas Iniciado',)
01:52:21 - INF - <module> - ('Microservicio de Reservas Finalizado',)
01:52:21 - INF - <module> - ('Microservicio de Reservas Finalizado',)
01:52:31 - INF - <module> - ('Microservicio de Reservas Iniciado',)
01:52:32 - INF - <module> - ('Microservicio de Reservas Iniciado',)
01:53:20 - INF - get - ('Servicio para listar clientes ejecutado',)
01:53:29 - INF - post - ('Servicio para crear cliente ejecutado',)
01:55:45 - INF - <module> - ('Microservicio de Reservas Finalizado',)
01:55:48 - INF - <module> - ('Microservicio de Reservas Finalizado',)
01:58:29 - INF - <module> - ('Microservicio de Reservas Iniciado',)
01:58:29 - INF - <module> - ('Microservicio de Reservas Iniciado',)
01:58:39 - INF - get - ('Servicio para listar clientes ejecutado',)
02:00:07 - INF - <module> - ('Microservicio de Reservas Finalizado',)
02:00:09 - INF - <module> - ('Microservicio de Reservas Iniciado',)
02:00:55 - INF - <module> - ('Microservicio de Reservas Finalizado',)
02:00:55 - INF - <module> - ('Microservicio de Reservas Finalizado',)
02:01:03 - INF - <module> - ('Microservicio de Reservas Iniciado',)
02:01:04 - INF - <module> - ('Microservicio de Reservas Iniciado',)
02:01:46 - INF - get - ('Servicio para listar clientes ejecutado',)
02:05:58 - INF - <module> - ('Microservicio de Reservas Finalizado',)
02:06:01 - INF - <module> - ('Microservicio de Reservas Iniciado',)
02:06:12 - INF - <module> - ('Microservicio de Reservas Finalizado',)
02:06:12 - INF - <module> - ('Microservicio de Reservas Finalizado',)
02:06:17 - INF - <module> - ('Microservicio de Reservas Iniciado',)
02:06:18 - INF - <module> - ('Microservicio de Reservas Iniciado',)
02:06:32 - INF - get - ('Servicio para listar clientes ejecutado',)
02:08:20 - INF - get - ('Servicio para obtener cliente 5 ejecutado',)
02:09:48 - INF - get - ('Servicio para obtener cliente 6 ejecutado',)
02:10:55 - INF - get - ('Servicio para obtener cliente 6 ejecutado',)
02:11:02 - INF - delete - ('Servicio para eliminar cliente 6 ejecutado',)
02:11:39 - INF - put - ('Servicio para actualizar cliente 6 ejecutado',)
02:11:50 - INF - get - ('Servicio para listar clientes ejecutado',)
02:12:24 - INF - put - ('Servicio para actualizar cliente 5 ejecutado',)
02:12:34 - INF - get - ('Servicio para listar clientes ejecutado',)
02:14:53 - INF - get - ('Servicio para obtener mesas disponibles en 2026-02-15 ejecutado',)
02:19:24 - INF - post - ('Servicio para crear reserva ejecutado',)
02:20:54 - INF - get - ('Servicio para listar reservas activas ejecutado',)
02:22:33 - INF - get - ('Servicio para obtener reserva 8 ejecutado',)
02:23:51 - INF - post - ('Servicio para registrar anticipo ejecutado',)
02:24:58 - INF - get - ('Servicio para obtener anticipo de reserva 8 ejecutado',)
02:26:18 - INF - put - ('Servicio para confirmar reserva 8 ejecutado',)
02:27:18 - INF - put - ('Servicio para cancelar reserva 8 ejecutado',)
02:28:09 - INF - put - ('Servicio para cancelar reserva 5 ejecutado',)
02:29:14 - INF - put - ('Servicio para check-in reserva 8 ejecutado',)
02:30:29 - INF - put - ('Servicio para marcar no-show reserva 8 ejecutado',)
02:30:57 - INF - put - ('Servicio para marcar no-show reserva 7 ejecutado',)
02:31:51 - INF - delete - ('Servicio para eliminar reserva 8 ejecutado',)
02:32:30 - INF - <module> - ('Microservicio de Reservas Finalizado',)
02:32:30 - INF - <module> - ('Microservicio de Reservas Finalizado',)
03:39:52 - INF - <module> - ('Microservicio de Reservas Iniciado',)
03:39:53 - INF - <module> - ('Microservicio de Reservas Iniciado',)
03:47:16 - INF - get - ('Servicio para listar clientes ejecutado',)
05:30:06 - INF - <module> - ('Microservicio de Reservas Finalizado',)
05:30:09 - INF - <module> - ('Microservicio de Reservas Iniciado',)
05:30:12 - INF - <module> - ('Microservicio de Reservas Finalizado',)
05:30:12 - INF - <module> - ('Microservicio de Reservas Finalizado',)
05:32:14 - INF - <module> - ('Microservicio de Reservas Iniciado',)
05:32:15 - INF - <module> - ('Microservicio de Reservas Iniciado',)
05:33:48 - INF - post - ('Servicio de reporte por período ejecutado',)
05:35:06 - INF - get - ('Servicio de top clientes ejecutado',)
05:35:24 - INF - post - ('Servicio de reporte por período ejecutado',)
05:36:48 - INF - get - ('Servicio de uso de mesas ejecutado',)
05:37:43 - INF - post - ('Servicio de tasas ejecutado',)
05:38:07 - INF - post - ('Servicio de tasas ejecutado',)
05:38:22 - INF - post - ('Servicio de tasas ejecutado',)
05:39:47 - INF - get - ('Servicio de reservas por franja ejecutado',)
05:43:13 - INF - post - ('Servicio de reservas por día de semana ejecutado',)
05:48:09 - INF - <module> - ('Microservicio de Reservas Finalizado',)
05:48:12 - INF - <module> - ('Microservicio de Reservas Iniciado',)
05:48:36 - INF - post - ('Servicio de reservas por día de semana ejecutado',)
05:48:49 - INF - get - ('Servicio de reservas por franja ejecutado',)
05:53:07 - INF - <module> - ('Microservicio de Reservas Finalizado',)
05:53:10 - INF - <module> - ('Microservicio de Reservas Iniciado',)
05:53:22 - INF - post - ('Servicio de reservas por día de semana ejecutado',)
05:53:53 - INF - <module> - ('Microservicio de Reservas Finalizado',)
05:53:54 - INF - <module> - ('Microservicio de Reservas Iniciado',)
05:53:59 - INF - <module> - ('Microservicio de Reservas Finalizado',)
05:54:00 - INF - <module> - ('Microservicio de Reservas Iniciado',)
05:54:28 - INF - <module> - ('Microservicio de Reservas Finalizado',)
05:54:29 - INF - <module> - ('Microservicio de Reservas Finalizado',)
05:55:58 - INF - <module> - ('Microservicio de Reservas Iniciado',)
05:55:59 - INF - <module> - ('Microservicio de Reservas Iniciado',)
06:06:16 - INF - get - ('Servicio de top clientes ejecutado',)
06:06:42 - INF - get - ('Servicio de uso de mesas ejecutado',)
06:08:13 - INF - post - ('Servicio de tasas ejecutado',)
06:08:44 - INF - get - ('Servicio de reservas por franja ejecutado',)
06:12:16 - INF - post - ('Servicio de tasas ejecutado',)
06:12:45 - INF - <module> - ('Microservicio de Reservas Finalizado',)
06:12:46 - INF - <module> - ('Microservicio de Reservas Finalizado',)
08:47:28 - INF - <module> - ('Microservicio de Reservas Iniciado',)
08:49:17 - INF - <module> - ('Microservicio de Reservas Finalizado',)
08:53:36 - INF - <module> - ('Microservicio de Reservas Iniciado',)
09:00:34 - INF - post - ('Servicio de tasas ejecutado',)
09:00:49 - INF - get - ('Servicio de top clientes ejecutado',)
09:01:07 - INF - get - ('Servicio para obtener mesas disponibles en 2026-02-15 ejecutado',)
