05:07:08 - INF - <module> - ('Microservicio de Reservas Iniciado',)
05:08:02 - INF - get - ('Servicio para listar franjas del local 1 día 2 ejecutado',)
06:45:47 - INF - <module> - ('Microservicio de Reservas Finalizado',)
06:45:55 - INF - <module> - ('Microservicio de Reservas Iniciado',)
06:46:45 - INF - get - ('Servicio para listar franjas del local 1 ejecutado',)
07:43:56 - INF - <module> - ('Microservicio de Reservas Finalizado',)
07:44:03 - INF - <module> - ('Microservicio de Reservas Iniciado',)
07:45:04 - INF - post - ('Servicio para crear cliente ejecutado',)
07:45:20 - INF - get - ('Servicio para listar clientes ejecutado',)
07:52:17 - INF - post - ('Servicio para crear reserva ejecutado',)
07:55:09 - INF - post - ('Servicio para crear reserva ejecutado',)
07:56:09 - INF - get - ('Servicio para obtener reserva 1 ejecutado',)
07:56:48 - INF - post - ('Servicio para registrar anticipo ejecutado',)
07:57:06 - INF - put - ('Servicio para confirmar reserva 1 ejecutado',)
07:57:29 - INF - put - ('Servicio para check-in reserva 1 ejecutado',)
08:00:08 - INF - get - ('Servicio para obtener mesas disponibles en 2026-02-01 ejecutado',)
08:00:17 - INF - get - ('Servicio para obtener mesas disponibles en 2026-02-02 ejecutado',)
08:00:28 - INF - get - ('Servicio para obtener mesas disponibles en 2026-02-02 ejecutado',)
08:00:35 - INF - get - ('Servicio para obtener mesas disponibles en 2026-02-02 ejecutado',)
08:00:54 - INF - get - ('Servicio para listar todas las mesas ejecutado',)
08:01:19 - INF - get - ('Servicio de top clientes ejecutado',)
08:01:51 - INF - get - ('Servicio de uso de mesas ejecutado',)
08:03:32 - INF - post - ('Servicio de tasas ejecutado',)
08:03:56 - INF - get - ('Servicio de reservas por franja ejecutado',)
08:11:33 - INF - <module> - ('Microservicio de Reservas Finalizado',)
08:13:31 - INF - <module> - ('Microservicio de Reservas Iniciado',)
08:18:42 - INF - <module> - ('Microservicio de Reservas Finalizado',)
08:18:50 - INF - <module> - ('Microservicio de Reservas Iniciado',)
08:20:05 - INF - post - ('Servicio de reporte por período ejecutado',)
08:25:21 - INF - <module> - ('Microservicio de Reservas Finalizado',)
08:25:28 - INF - <module> - ('Microservicio de Reservas Iniciado',)
08:26:18 - INF - post - ('Servicio de reporte por período ejecutado',)
08:26:29 - INF - post - ('Servicio de reporte por período ejecutado',)
08:42:25 - INF - post - ('Servicio de reporte por período ejecutado',)
08:43:45 - INF - post - ('Servicio de reporte por período ejecutado',)
08:54:31 - INF - post - ('Servicio de reporte por período ejecutado',)
08:56:14 - INF - post - ('Servicio de reporte por período ejecutado',)
08:56:24 - INF - post - ('Servicio de reporte por período ejecutado',)
08:57:51 - INF - post - ('Servicio de reporte por período ejecutado',)
10:29:47 - INF - <module> - ('Microservicio de Reservas Iniciado',)
10:32:15 - INF - get - ('Servicio para obtener mesas disponibles en 2026-01-30 ejecutado',)
10:32:39 - INF - <module> - ('Microservicio de Reservas Finalizado',)
11:20:01 - INF - <module> - ('Microservicio de Reservas Iniciado',)
11:21:10 - INF - get - ('Servicio de reporte por período ejecutado',)
11:21:26 - INF - <module> - ('Microservicio de Reservas Finalizado',)
