00:13:40 - INF - <module> - ('Microservicio de Reservas Iniciado',)
00:15:36 - INF - <module> - ('Microservicio de Reservas Finalizado',)
00:17:58 - INF - <module> - ('Microservicio de Reservas Iniciado',)
00:18:08 - INF - get - ('Servicio para listar clientes ejecutado',)
00:19:53 - INF - <module> - ('Microservicio de Reservas Finalizado',)
00:20:32 - INF - <module> - ('Microservicio de Reservas Iniciado',)
00:20:39 - INF - get - ('Servicio para listar reservas activas ejecutado',)
00:22:24 - INF - <module> - ('Microservicio de Reservas Finalizado',)
21:05:04 - INF - <module> - ('Microservicio de Reservas Iniciado',)
21:05:04 - INF - <module> - ('Microservicio de Reservas Finalizado',)
21:46:25 - INF - <module> - ('Microservicio de Reservas Iniciado',)
22:18:16 - INF - post - ('Servicio para crear reserva ejecutado',)
22:30:59 - INF - <module> - ('Microservicio de Reservas Finalizado',)
22:36:48 - INF - <module> - ('Microservicio de Reservas Iniciado',)
22:37:41 - INF - get - ('Servicio para obtener mesas disponibles en 2026-01-31 ejecutado',)
22:38:29 - INF - get - ('Servicio para obtener mesas disponibles en 2026-01-31 ejecutado',)
22:38:51 - INF - get - ('Servicio para obtener mesas disponibles en 2026-02-15 ejecutado',)
22:39:27 - INF - get - ('Servicio para obtener mesas disponibles en 2026-02-15 ejecutado',)
22:41:32 - INF - get - ('Servicio para listar todas las mesas ejecutado',)
22:42:05 - INF - <module> - ('Microservicio de Reservas Finalizado',)
22:53:09 - INF - <module> - ('Microservicio de Reservas Iniciado',)
22:53:46 - INF - get - ('Servicio para listar franjas del local 5 ejecutado',)
22:54:25 - INF - <module> - ('Microservicio de Reservas Finalizado',)
