11:23:26 - INF - <module> - ('Servicio Iniciado puerto 10100',)
11:23:30 - INF - <module> - ('Servicio Iniciado puerto 10100',)
11:23:37 - INF - <module> - ('Servicio Finalizado',)
11:23:37 - INF - <module> - ('Servicio Finalizado',)
18:33:49 - INF - <module> - ('Servicio Iniciado puerto 10100',)
18:33:55 - INF - <module> - ('Servicio Iniciado puerto 10100',)
18:34:54 - INF - post - ('Servicio para Validar login del usaurio',)
18:36:25 - INF - <module> - ('Servicio Finalizado',)
18:36:25 - INF - <module> - ('Servicio Finalizado',)
18:36:39 - INF - <module> - ('Servicio Iniciado puerto 10100',)
18:36:42 - INF - <module> - ('Servicio Iniciado puerto 10100',)
18:36:50 - INF - post - ('Servicio para Validar login del usaurio',)
18:36:59 - INF - token_generate - ('Token Generado-> eyJhbGciOiJIUzI1NiIsInR5cCI6IkpXVCJ9.eyJpYXQiOjE3Njk3Mjk4MTksImV4cCI6MTc2OTczMDcxOSwidXNlcm5hbWUiOiJhZG1pbiJ9.r3uZzRk1EthWI_Mkv-2E4Sq_5nYqsx8ZX6qBpNwgteg',)
18:39:14 - INF - get - ('Servicio para Obtener Lista de Usuario Ejecutado',)
18:40:53 - INF - <module> - ('Servicio Finalizado',)
18:40:55 - INF - <module> - ('Servicio Iniciado puerto 10100',)
18:41:08 - INF - get - ('Servicio para Obtener Lista de Usuario Ejecutado',)
18:42:08 - INF - <module> - ('Servicio Finalizado',)
18:42:09 - INF - <module> - ('Servicio Iniciado puerto 10100',)
18:58:11 - INF - post - ('Servicio para Validar login del usaurio',)
18:58:13 - INF - token_generate - ('Token Generado-> eyJhbGciOiJIUzI1NiIsInR5cCI6IkpXVCJ9.eyJpYXQiOjE3Njk3MzEwOTMsImV4cCI6MTc2OTczMTk5MywidXNlcm5hbWUiOiJhZG1pbiJ9.IAN585PF2jCB0N11gXgVCQKOcO_9A2-zxwBpCQ-jLAE',)
18:58:25 - INF - post - ('Servicio para Validar login del usaurio',)
18:58:26 - INF - token_generate - ('Token Generado-> eyJhbGciOiJIUzI1NiIsInR5cCI6IkpXVCJ9.eyJpYXQiOjE3Njk3MzExMDYsImV4cCI6MTc2OTczMjAwNiwidXNlcm5hbWUiOiJhZG1pbiJ9.AfLZxQ7TivE1Ae5_xAbuW8mV6knQy5tdOUWqITZUKiA',)
18:58:43 - INF - get - ('Servicio para Obtener Lista de Usuario Ejecutado',)
18:59:24 - INF - get - ('Servicio para Obtener Lista de Usuario Ejecutado',)
19:00:42 - INF - <module> - ('Servicio Finalizado',)
19:00:42 - INF - <module> - ('Servicio Finalizado',)
19:00:49 - INF - <module> - ('Servicio Iniciado puerto 10100',)
19:00:52 - INF - <module> - ('Servicio Iniciado puerto 10100',)
19:01:21 - INF - get - ('Servicio para Obtener Lista de Usuario Ejecutado',)
19:02:52 - INF - get - ('Servicio para Obtener Lista de Usuario Ejecutado',)
19:57:35 - INF - post - ('Servicio para Validar login del usaurio',)
19:57:37 - INF - token_generate - ('Token Generado-> eyJhbGciOiJIUzI1NiIsInR5cCI6IkpXVCJ9.eyJpYXQiOjE3Njk3MzQ2NTYsImV4cCI6MTc2OTczNTU1NiwidXNlcm5hbWUiOiJhZG1pbiJ9.r_UdWqNenE25aAX7NwrdaFH4I-iQxRmvENd7eg8CIH0',)
19:57:58 - INF - get - ('Servicio para Obtener Lista de Usuario Ejecutado',)
19:58:14 - INF - <module> - ('Servicio Finalizado',)
19:58:14 - INF - <module> - ('Servicio Finalizado',)
