14:02:59 - INF - <module> - ('Servicio Iniciado',)
14:03:04 - INF - <module> - ('Servicio Iniciado',)
14:04:20 - INF - post - ('Servicio para Validar login del usaurio',)
14:05:24 - INF - post - ('Servicio para Validar login del usaurio',)
14:06:55 - INF - post - ('Servicio para Validar login del usaurio',)
14:08:51 - INF - <module> - ('Servicio Finalizado',)
14:08:51 - INF - <module> - ('Servicio Finalizado',)
14:09:17 - INF - <module> - ('Servicio Iniciado',)
14:09:19 - INF - <module> - ('Servicio Iniciado',)
14:10:05 - INF - post - ('Servicio para Validar login del usaurio',)
14:12:00 - INF - post - ('Servicio para Validar login del usaurio',)
14:19:04 - INF - post - ('Servicio para Validar login del usaurio',)
14:20:26 - INF - <module> - ('Servicio Finalizado',)
14:20:27 - INF - <module> - ('Servicio Finalizado',)
14:20:30 - INF - <module> - ('Servicio Iniciado',)
14:20:34 - INF - <module> - ('Servicio Iniciado',)
14:20:43 - INF - post - ('Servicio para Validar login del usaurio',)
14:20:58 - INF - post - ('Servicio para Validar login del usaurio',)
14:21:04 - INF - token_generate - ('Token Generado-> eyJhbGciOiJIUzI1NiIsInR5cCI6IkpXVCJ9.eyJpYXQiOjE3Njk2MjgwNjQsImV4cCI6MTc2OTYyODk2NCwidXNlcm5hbWUiOiJhZG1pbiJ9.jZ4PqzmWxlPkrngTg5T1MNdpZ0Ev3iRjNcH8wM2TeO8',)
14:21:30 - INF - get - ('Servicio para Obtener Lista de Usuario Ejecutado',)
14:26:16 - INF - get - ('Servicio para Obtener Lista de Usuario Ejecutado',)
14:26:50 - INF - <module> - ('Servicio Finalizado',)
14:26:55 - INF - <module> - ('Servicio Finalizado',)
14:28:00 - INF - <module> - ('Servicio Iniciado',)
14:28:03 - INF - <module> - ('Servicio Iniciado',)
14:28:12 - INF - get - ('Servicio listar provincias',)
14:32:53 - INF - get - ('Servicio listar provincias',)
14:35:00 - INF - get - ('Servicio listar provincias',)
14:39:02 - INF - <module> - ('Servicio Finalizado',)
14:39:05 - INF - <module> - ('Servicio Finalizado',)
14:51:20 - INF - <module> - ('Servicio Iniciado',)
14:51:23 - INF - <module> - ('Servicio Iniciado',)
14:52:57 - INF - <module> - ('Servicio Finalizado',)
14:53:00 - INF - <module> - ('Servicio Finalizado',)
14:53:28 - INF - <module> - ('Servicio Iniciado',)
14:53:31 - INF - <module> - ('Servicio Iniciado',)
14:54:55 - INF - <module> - ('Servicio Finalizado',)
14:54:58 - INF - <module> - ('Servicio Finalizado',)
14:55:53 - INF - <module> - ('Servicio Iniciado',)
14:55:56 - INF - <module> - ('Servicio Iniciado',)
14:57:14 - INF - <module> - ('Servicio Finalizado',)
14:57:14 - INF - <module> - ('Servicio Finalizado',)
