01:44:18 - INF - <module> - ('Servicio Iniciado puerto 10100',)
01:44:18 - INF - <module> - ('Servicio Iniciado puerto 10100',)
01:45:24 - INF - post - ('Servicio para Validar login del usaurio',)
01:45:27 - INF - token_generate - ('Token Generado-> eyJhbGciOiJIUzI1NiIsInR5cCI6IkpXVCJ9.eyJpYXQiOjE3Njk3NTU1MjcsImV4cCI6MTc2OTc1NjQyNywidXNlcm5hbWUiOiJhZG1pbiJ9.spqSrO2Dna3-B24mpGijrDzUstM-W0xb1fQ3ZpR7aiA',)
01:45:43 - INF - post - ('Servicio para Validar login del usaurio',)
01:45:44 - INF - token_generate - ('Token Generado-> eyJhbGciOiJIUzI1NiIsInR5cCI6IkpXVCJ9.eyJpYXQiOjE3Njk3NTU1NDQsImV4cCI6MTc2OTc1NjQ0NCwidXNlcm5hbWUiOiJhZG1pbiJ9.lVa4asIFbUroWOkjw3Oxjo76zZ5abk5-4pT39Bk4Sj0',)
01:46:08 - INF - post - ('Servicio para Validar login del usaurio',)
01:46:09 - INF - token_generate - ('Token Generado-> eyJhbGciOiJIUzI1NiIsInR5cCI6IkpXVCJ9.eyJpYXQiOjE3Njk3NTU1NjksImV4cCI6MTc2OTc1NjQ2OSwidXNlcm5hbWUiOiJhZG1pbiJ9.nmJsGO861uI01u6zr6_AusqxAD81d8UJ4fDYRSURC8E',)
01:48:58 - INF - <module> - ('Servicio Finalizado',)
01:48:58 - INF - <module> - ('Servicio Finalizado',)
01:49:01 - INF - <module> - ('Servicio Iniciado puerto 10100',)
01:49:01 - INF - <module> - ('Servicio Iniciado puerto 10100',)
01:50:00 - INF - post - ('Servicio para Validar login del usaurio',)
01:50:01 - INF - token_generate - ('Token Generado-> eyJhbGciOiJIUzI1NiIsInR5cCI6IkpXVCJ9.eyJpYXQiOjE3Njk3NTU4MDEsImV4cCI6MTc2OTc1NjcwMSwidXNlcm5hbWUiOiJhZG1pbiJ9.njS3nmLhD7448mP4XnS9-c1IdWiFQFFRIF9D4KTaaqc',)
01:56:28 - INF - <module> - ('Servicio Finalizado',)
01:56:28 - INF - <module> - ('Servicio Finalizado',)
01:58:24 - INF - <module> - ('Servicio Iniciado puerto 10100',)
01:58:24 - INF - <module> - ('Servicio Iniciado puerto 10100',)
01:58:44 - INF - post - ('Servicio para Validar login del usaurio',)
02:02:58 - INF - <module> - ('Servicio Finalizado',)
02:02:58 - INF - <module> - ('Servicio Iniciado puerto 10100',)
02:04:19 - INF - post - ('Servicio para Validar login del usaurio',)
02:04:20 - INF - token_generate - ('Token Generado-> eyJhbGciOiJIUzI1NiIsInR5cCI6IkpXVCJ9.eyJpYXQiOjE3Njk3NTY2NjAsImV4cCI6MTc2OTc1NzU2MCwidXNlcm5hbWUiOiJhZG1pbiJ9.eqYtE6LZ0jB2ojfwMa10fIE1pQZJ-RA6TT1zMkMjGxQ',)
02:04:27 - INF - <module> - ('Servicio Finalizado',)
02:04:27 - INF - <module> - ('Servicio Finalizado',)
02:04:41 - INF - <module> - ('Servicio Iniciado puerto 10100',)
02:04:41 - INF - <module> - ('Servicio Iniciado puerto 10100',)
02:05:48 - INF - post - ('Servicio para Validar login del usaurio',)
02:05:49 - INF - token_generate - ('Token Generado-> eyJhbGciOiJIUzI1NiIsInR5cCI6IkpXVCJ9.eyJpYXQiOjE3Njk3NTY3NDksImV4cCI6MTc2OTc1NzY0OSwidXNlcm5hbWUiOiJhZG1pbiJ9.w62sGp0gx_PmOl9i3tSpbDHsZ2p8-wlHbyRjwhSKjHo',)
02:05:55 - INF - post - ('Servicio para Validar login del usaurio',)
02:05:56 - INF - token_generate - ('Token Generado-> eyJhbGciOiJIUzI1NiIsInR5cCI6IkpXVCJ9.eyJpYXQiOjE3Njk3NTY3NTYsImV4cCI6MTc2OTc1NzY1NiwidXNlcm5hbWUiOiJhZG1pbiJ9.8au78mqTrEMuYvSHnziB4QFJViE9kxivzqZjU9syf_M',)
02:06:06 - INF - post - ('Servicio para Validar login del usaurio',)
02:06:07 - INF - token_generate - ('Token Generado-> eyJhbGciOiJIUzI1NiIsInR5cCI6IkpXVCJ9.eyJpYXQiOjE3Njk3NTY3NjcsImV4cCI6MTc2OTc1NzY2NywidXNlcm5hbWUiOiJhZG1pbiJ9.fYOwrFQgdtOizxyZEy0DpUbenF4HlgX6NC0lAjfgl4s',)
02:08:17 - INF - post - ('Servicio para Validar login del usaurio',)
02:08:18 - INF - token_generate - ('Token Generado-> eyJhbGciOiJIUzI1NiIsInR5cCI6IkpXVCJ9.eyJpYXQiOjE3Njk3NTY4OTgsImV4cCI6MTc2OTc1Nzc5OCwidXNlcm5hbWUiOiJhZG1pbiJ9.TfMkZYGdPMK0-Hp_wxaQa8eYxlnuNDqqf5QsxGSMf-M',)
02:08:41 - INF - post - ('Servicio para Validar login del usaurio',)
02:08:42 - INF - token_generate - ('Token Generado-> eyJhbGciOiJIUzI1NiIsInR5cCI6IkpXVCJ9.eyJpYXQiOjE3Njk3NTY5MjIsImV4cCI6MTc2OTc1NzgyMiwidXNlcm5hbWUiOiJhZG1pbiJ9.BA_9ZIU_QpdSQ6hOeM1knyEDU1AKIUy-4LReGilkIDI',)
02:08:50 - INF - post - ('Servicio para Validar login del usaurio',)
02:08:51 - INF - token_generate - ('Token Generado-> eyJhbGciOiJIUzI1NiIsInR5cCI6IkpXVCJ9.eyJpYXQiOjE3Njk3NTY5MzEsImV4cCI6MTc2OTc1NzgzMSwidXNlcm5hbWUiOiJhZG1pbiJ9.lgPTGEkOXLqsbBlYLMZEphxgnGntKtZhSiLfegPCk3o',)
02:09:21 - INF - post - ('Servicio para Validar login del usaurio',)
02:09:22 - INF - token_generate - ('Token Generado-> eyJhbGciOiJIUzI1NiIsInR5cCI6IkpXVCJ9.eyJpYXQiOjE3Njk3NTY5NjIsImV4cCI6MTc2OTc1Nzg2MiwidXNlcm5hbWUiOiJhZG1pbiJ9.p2hQ4-0cGGQJ6pSCfPCfAqx6dl1EnjCMQux9pZ1vgVU',)
04:16:17 - INF - <module> - ('Servicio Finalizado',)
04:16:17 - INF - <module> - ('Servicio Finalizado',)
11:50:13 - INF - <module> - ('Servicio Iniciado puerto 10100',)
11:50:13 - INF - <module> - ('Servicio Iniciado puerto 10100',)
11:50:51 - INF - post - ('Servicio para Validar login del usaurio',)
11:50:54 - INF - token_generate - ('Token Generado-> eyJhbGciOiJIUzI1NiIsInR5cCI6IkpXVCJ9.eyJpYXQiOjE3Njk3OTE4NTQsImV4cCI6MTc2OTc5Mjc1NCwidXNlcm5hbWUiOiJhZG1pbiJ9.zl1-bB_PAeeN5XZgelnmfBpCbcICIDKhdPagZ5x10ec',)
11:50:59 - INF - post - ('Servicio para Validar login del usaurio',)
11:51:00 - INF - token_generate - ('Token Generado-> eyJhbGciOiJIUzI1NiIsInR5cCI6IkpXVCJ9.eyJpYXQiOjE3Njk3OTE4NjAsImV4cCI6MTc2OTc5Mjc2MCwidXNlcm5hbWUiOiJhZG1pbiJ9.0j7dae8nUIhwatydQIDVdmOsb4DfIyN_jmeTllHF2Fw',)
12:00:25 - INF - post - ('Servicio para Validar login del usaurio',)
12:00:27 - INF - token_generate - ('Token Generado-> eyJhbGciOiJIUzI1NiIsInR5cCI6IkpXVCJ9.eyJpYXQiOjE3Njk3OTI0MjcsImV4cCI6MTc2OTc5MzMyNywidXNlcm5hbWUiOiJhZG1pbiJ9.DuyaJh1uXQ_5OviWhV1TRw3g7vkDXyTTZEXU4RntrgA',)
12:00:46 - INF - post - ('Servicio para Validar login del usaurio',)
12:00:47 - INF - token_generate - ('Token Generado-> eyJhbGciOiJIUzI1NiIsInR5cCI6IkpXVCJ9.eyJpYXQiOjE3Njk3OTI0NDcsImV4cCI6MTc2OTc5MzM0NywidXNlcm5hbWUiOiJhZG1pbiJ9.N9JuyAp0TOW2V7Ov1P5I8B1papQy1SjOE3fPZI3_ScM',)
12:01:44 - INF - post - ('Servicio para Validar login del usaurio',)
12:01:48 - INF - post - ('Servicio para Validar login del usaurio',)
12:01:54 - INF - post - ('Servicio para Validar login del usaurio',)
12:01:55 - INF - token_generate - ('Token Generado-> eyJhbGciOiJIUzI1NiIsInR5cCI6IkpXVCJ9.eyJpYXQiOjE3Njk3OTI1MTUsImV4cCI6MTc2OTc5MzQxNSwidXNlcm5hbWUiOiJhZG1pbiJ9.diVtocWEAkE4GUYuPawMqluIGRf2lCEiFxn4uYPR160',)
12:02:24 - INF - post - ('Servicio para Validar login del usaurio',)
12:02:25 - INF - token_generate - ('Token Generado-> eyJhbGciOiJIUzI1NiIsInR5cCI6IkpXVCJ9.eyJpYXQiOjE3Njk3OTI1NDUsImV4cCI6MTc2OTc5MzQ0NSwidXNlcm5hbWUiOiJhZG1pbiJ9.F5DVKzHRR358SC2PEV_r5kelgzbY2Zi0D6PJEF55GRs',)
12:10:09 - INF - post - ('Servicio para Validar login del usaurio',)
12:10:11 - INF - token_generate - ('Token Generado-> eyJhbGciOiJIUzI1NiIsInR5cCI6IkpXVCJ9.eyJpYXQiOjE3Njk3OTMwMTEsImV4cCI6MTc2OTc5MzkxMSwidXNlcm5hbWUiOiJhZG1pbiJ9.bTj2hnxwSfiUHV7-DTvdGm2ASjoZJ2QrLU8kiRkjPFo',)
12:10:12 - INF - post - ('Servicio de validación de token',)
12:10:12 - INF - post - ('Servicio de validación de token',)
12:10:12 - INF - post - ('Servicio de validación de token',)
12:10:12 - INF - post - ('Servicio de validación de token',)
12:10:12 - INF - post - ('Servicio de validación de token',)
12:10:12 - INF - post - ('Servicio de validación de token',)
12:10:12 - INF - post - ('Servicio de validación de token',)
12:10:15 - INF - post - ('Servicio para Validar login del usaurio',)
12:10:22 - INF - post - ('Servicio para Validar login del usaurio',)
12:10:23 - INF - token_generate - ('Token Generado-> eyJhbGciOiJIUzI1NiIsInR5cCI6IkpXVCJ9.eyJpYXQiOjE3Njk3OTMwMjMsImV4cCI6MTc2OTc5MzkyMywidXNlcm5hbWUiOiJhZG1pbiJ9.QP561p0u7VHqdFaJU05Ct1nFNxnrwPB5vS8RQcZcapk',)
12:10:24 - INF - post - ('Servicio de validación de token',)
12:10:24 - INF - post - ('Servicio de validación de token',)
12:10:24 - INF - post - ('Servicio de validación de token',)
12:10:24 - INF - post - ('Servicio de validación de token',)
12:10:24 - INF - post - ('Servicio de validación de token',)
12:10:24 - INF - post - ('Servicio de validación de token',)
12:10:25 - INF - post - ('Servicio de validación de token',)
12:10:25 - INF - post - ('Servicio de validación de token',)
12:10:25 - INF - post - ('Servicio de validación de token',)
12:10:25 - INF - post - ('Servicio de validación de token',)
12:10:25 - INF - post - ('Servicio de validación de token',)
12:10:25 - INF - post - ('Servicio de validación de token',)
12:10:25 - INF - post - ('Servicio de validación de token',)
12:10:25 - INF - post - ('Servicio de validación de token',)
12:10:25 - INF - post - ('Servicio de validación de token',)
12:10:25 - INF - post - ('Servicio de validación de token',)
12:10:26 - INF - post - ('Servicio de validación de token',)
12:10:26 - INF - post - ('Servicio de validación de token',)
12:10:26 - INF - post - ('Servicio de validación de token',)
12:10:26 - INF - post - ('Servicio de validación de token',)
12:10:26 - INF - post - ('Servicio de validación de token',)
12:10:26 - INF - post - ('Servicio de validación de token',)
12:10:26 - INF - post - ('Servicio de validación de token',)
12:10:26 - INF - post - ('Servicio de validación de token',)
12:10:26 - INF - post - ('Servicio de validación de token',)
12:10:27 - INF - post - ('Servicio de validación de token',)
12:10:27 - INF - post - ('Servicio de validación de token',)
12:10:27 - INF - post - ('Servicio de validación de token',)
12:10:27 - INF - post - ('Servicio de validación de token',)
12:10:27 - INF - post - ('Servicio de validación de token',)
12:10:27 - INF - post - ('Servicio de validación de token',)
12:10:27 - INF - post - ('Servicio de validación de token',)
12:10:27 - INF - post - ('Servicio de validación de token',)
12:10:28 - INF - post - ('Servicio de validación de token',)
12:10:28 - INF - post - ('Servicio de validación de token',)
12:10:28 - INF - post - ('Servicio de validación de token',)
12:10:28 - INF - post - ('Servicio de validación de token',)
12:10:28 - INF - post - ('Servicio de validación de token',)
12:10:28 - INF - post - ('Servicio de validación de token',)
12:10:28 - INF - post - ('Servicio de validación de token',)
12:10:28 - INF - post - ('Servicio de validación de token',)
12:10:28 - INF - post - ('Servicio de validación de token',)
12:10:29 - INF - post - ('Servicio de validación de token',)
12:10:29 - INF - post - ('Servicio de validación de token',)
12:10:29 - INF - post - ('Servicio de validación de token',)
12:10:29 - INF - post - ('Servicio de validación de token',)
12:10:29 - INF - post - ('Servicio de validación de token',)
12:10:29 - INF - post - ('Servicio de validación de token',)
12:10:30 - INF - post - ('Servicio de validación de token',)
12:10:30 - INF - post - ('Servicio de validación de token',)
12:10:30 - INF - post - ('Servicio de validación de token',)
12:10:30 - INF - post - ('Servicio de validación de token',)
12:10:30 - INF - post - ('Servicio de validación de token',)
12:10:30 - INF - post - ('Servicio de validación de token',)
12:10:30 - INF - post - ('Servicio de validación de token',)
12:10:30 - INF - post - ('Servicio de validación de token',)
12:10:30 - INF - post - ('Servicio de validación de token',)
12:10:30 - INF - post - ('Servicio de validación de token',)
12:10:31 - INF - post - ('Servicio de validación de token',)
12:10:31 - INF - post - ('Servicio de validación de token',)
12:10:31 - INF - post - ('Servicio de validación de token',)
12:10:31 - INF - post - ('Servicio de validación de token',)
12:10:31 - INF - post - ('Servicio de validación de token',)
12:10:31 - INF - post - ('Servicio de validación de token',)
12:10:31 - INF - post - ('Servicio de validación de token',)
12:10:31 - INF - post - ('Servicio de validación de token',)
12:10:31 - INF - post - ('Servicio de validación de token',)
12:10:32 - INF - post - ('Servicio de validación de token',)
12:10:32 - INF - post - ('Servicio de validación de token',)
12:10:32 - INF - post - ('Servicio de validación de token',)
12:10:32 - INF - post - ('Servicio de validación de token',)
12:10:32 - INF - post - ('Servicio de validación de token',)
12:10:32 - INF - post - ('Servicio de validación de token',)
12:10:32 - INF - post - ('Servicio de validación de token',)
12:10:32 - INF - post - ('Servicio de validación de token',)
12:10:32 - INF - post - ('Servicio de validación de token',)
12:10:32 - INF - post - ('Servicio de validación de token',)
12:10:33 - INF - post - ('Servicio de validación de token',)
12:10:33 - INF - post - ('Servicio de validación de token',)
12:10:33 - INF - post - ('Servicio de validación de token',)
12:10:33 - INF - post - ('Servicio de validación de token',)
12:10:33 - INF - post - ('Servicio de validación de token',)
12:10:33 - INF - post - ('Servicio de validación de token',)
12:10:33 - INF - post - ('Servicio de validación de token',)
12:10:33 - INF - post - ('Servicio de validación de token',)
12:10:33 - INF - post - ('Servicio de validación de token',)
12:10:33 - INF - post - ('Servicio de validación de token',)
12:10:34 - INF - post - ('Servicio de validación de token',)
12:10:34 - INF - post - ('Servicio de validación de token',)
12:10:34 - INF - post - ('Servicio de validación de token',)
12:10:34 - INF - post - ('Servicio de validación de token',)
12:10:34 - INF - post - ('Servicio de validación de token',)
12:10:34 - INF - post - ('Servicio de validación de token',)
12:10:34 - INF - post - ('Servicio de validación de token',)
12:10:34 - INF - post - ('Servicio de validación de token',)
12:10:34 - INF - post - ('Servicio de validación de token',)
12:10:35 - INF - post - ('Servicio de validación de token',)
12:10:35 - INF - post - ('Servicio de validación de token',)
12:10:35 - INF - post - ('Servicio de validación de token',)
12:10:35 - INF - post - ('Servicio de validación de token',)
12:10:35 - INF - post - ('Servicio de validación de token',)
12:10:35 - INF - post - ('Servicio de validación de token',)
12:10:35 - INF - post - ('Servicio de validación de token',)
12:10:36 - INF - post - ('Servicio de validación de token',)
12:10:36 - INF - post - ('Servicio de validación de token',)
12:10:36 - INF - post - ('Servicio de validación de token',)
12:10:36 - INF - post - ('Servicio de validación de token',)
12:10:36 - INF - post - ('Servicio de validación de token',)
12:10:36 - INF - post - ('Servicio de validación de token',)
12:10:36 - INF - post - ('Servicio de validación de token',)
12:10:36 - INF - post - ('Servicio de validación de token',)
12:10:36 - INF - post - ('Servicio de validación de token',)
12:10:36 - INF - post - ('Servicio de validación de token',)
12:10:37 - INF - post - ('Servicio de validación de token',)
12:10:37 - INF - post - ('Servicio de validación de token',)
12:10:37 - INF - post - ('Servicio de validación de token',)
12:10:37 - INF - post - ('Servicio de validación de token',)
12:10:37 - INF - post - ('Servicio de validación de token',)
12:10:37 - INF - post - ('Servicio de validación de token',)
12:10:37 - INF - post - ('Servicio de validación de token',)
12:10:38 - INF - post - ('Servicio de validación de token',)
12:10:38 - INF - post - ('Servicio de validación de token',)
12:10:38 - INF - post - ('Servicio de validación de token',)
12:10:38 - INF - post - ('Servicio de validación de token',)
12:10:38 - INF - post - ('Servicio de validación de token',)
12:10:38 - INF - post - ('Servicio de validación de token',)
12:10:38 - INF - post - ('Servicio de validación de token',)
12:10:38 - INF - post - ('Servicio de validación de token',)
12:10:38 - INF - post - ('Servicio de validación de token',)
12:10:38 - INF - post - ('Servicio de validación de token',)
12:10:39 - INF - post - ('Servicio de validación de token',)
12:10:39 - INF - post - ('Servicio de validación de token',)
12:10:39 - INF - post - ('Servicio de validación de token',)
12:10:39 - INF - post - ('Servicio de validación de token',)
12:10:39 - INF - post - ('Servicio de validación de token',)
12:10:39 - INF - post - ('Servicio de validación de token',)
12:10:39 - INF - post - ('Servicio de validación de token',)
12:10:39 - INF - post - ('Servicio de validación de token',)
12:10:39 - INF - post - ('Servicio de validación de token',)
12:10:39 - INF - post - ('Servicio de validación de token',)
12:10:40 - INF - post - ('Servicio de validación de token',)
12:10:40 - INF - post - ('Servicio de validación de token',)
12:10:40 - INF - post - ('Servicio de validación de token',)
12:10:40 - INF - post - ('Servicio de validación de token',)
12:10:40 - INF - post - ('Servicio de validación de token',)
12:10:40 - INF - post - ('Servicio de validación de token',)
12:10:40 - INF - post - ('Servicio de validación de token',)
12:10:40 - INF - post - ('Servicio de validación de token',)
12:10:41 - INF - post - ('Servicio de validación de token',)
12:10:41 - INF - post - ('Servicio de validación de token',)
12:10:41 - INF - post - ('Servicio de validación de token',)
12:10:41 - INF - post - ('Servicio de validación de token',)
12:10:41 - INF - post - ('Servicio de validación de token',)
12:10:41 - INF - post - ('Servicio de validación de token',)
12:10:41 - INF - post - ('Servicio de validación de token',)
12:19:25 - INF - post - ('Servicio para Validar login del usaurio',)
12:19:27 - INF - token_generate - ('Token Generado-> eyJhbGciOiJIUzI1NiIsInR5cCI6IkpXVCJ9.eyJpYXQiOjE3Njk3OTM1NjcsImV4cCI6MTc2OTc5NDQ2NywidXNlcm5hbWUiOiJhZG1pbiJ9.EEymi2uEeQYCZ-Pl2CtbKCcUxH4wbWloj3MP0tfy_Yg',)
12:20:13 - INF - post - ('Servicio para Validar login del usaurio',)
12:20:14 - INF - token_generate - ('Token Generado-> eyJhbGciOiJIUzI1NiIsInR5cCI6IkpXVCJ9.eyJpYXQiOjE3Njk3OTM2MTQsImV4cCI6MTc2OTc5NDUxNCwidXNlcm5hbWUiOiJhZG1pbiJ9.MTZaHgwgmSNapTr1NNVNz3NcTatiecnEwYgO-MW-lGE',)
13:12:37 - INF - post - ('Servicio para Validar login del usaurio',)
13:12:38 - INF - token_generate - ('Token Generado-> eyJhbGciOiJIUzI1NiIsInR5cCI6IkpXVCJ9.eyJpYXQiOjE3Njk3OTY3NTgsImV4cCI6MTc2OTc5NzY1OCwidXNlcm5hbWUiOiJnZXJlbnRlIn0.nh7rKtyYBW7u_lMnIu31jw7Sl2nN-01H2NpcCSqKDzQ',)
13:12:39 - INF - post - ('Servicio de validación de token',)
13:12:40 - INF - post - ('Servicio de validación de token',)
13:12:40 - INF - post - ('Servicio de validación de token',)
13:12:40 - INF - post - ('Servicio de validación de token',)
13:12:40 - INF - post - ('Servicio de validación de token',)
13:12:40 - INF - post - ('Servicio de validación de token',)
13:12:40 - INF - post - ('Servicio de validación de token',)
13:12:40 - INF - post - ('Servicio de validación de token',)
13:12:40 - INF - post - ('Servicio de validación de token',)
13:12:40 - INF - post - ('Servicio de validación de token',)
13:12:41 - INF - post - ('Servicio de validación de token',)
13:12:41 - INF - post - ('Servicio de validación de token',)
13:12:41 - INF - post - ('Servicio de validación de token',)
13:12:41 - INF - post - ('Servicio de validación de token',)
13:12:41 - INF - post - ('Servicio de validación de token',)
13:12:41 - INF - post - ('Servicio de validación de token',)
13:12:41 - INF - post - ('Servicio de validación de token',)
13:12:41 - INF - post - ('Servicio de validación de token',)
13:12:41 - INF - post - ('Servicio de validación de token',)
13:12:41 - INF - post - ('Servicio de validación de token',)
13:12:42 - INF - post - ('Servicio de validación de token',)
13:12:42 - INF - post - ('Servicio de validación de token',)
13:12:42 - INF - post - ('Servicio de validación de token',)
13:12:42 - INF - post - ('Servicio de validación de token',)
13:12:42 - INF - post - ('Servicio de validación de token',)
13:12:42 - INF - post - ('Servicio de validación de token',)
13:12:42 - INF - post - ('Servicio de validación de token',)
13:12:42 - INF - post - ('Servicio de validación de token',)
13:12:42 - INF - post - ('Servicio de validación de token',)
13:12:43 - INF - post - ('Servicio de validación de token',)
13:12:43 - INF - post - ('Servicio de validación de token',)
13:12:43 - INF - post - ('Servicio de validación de token',)
13:12:43 - INF - post - ('Servicio de validación de token',)
13:12:43 - INF - post - ('Servicio de validación de token',)
13:12:43 - INF - post - ('Servicio de validación de token',)
13:12:43 - INF - post - ('Servicio de validación de token',)
13:12:43 - INF - post - ('Servicio de validación de token',)
13:12:43 - INF - post - ('Servicio de validación de token',)
13:12:44 - INF - post - ('Servicio de validación de token',)
13:12:44 - INF - post - ('Servicio de validación de token',)
13:12:44 - INF - post - ('Servicio de validación de token',)
13:12:44 - INF - post - ('Servicio de validación de token',)
13:12:44 - INF - post - ('Servicio de validación de token',)
13:12:44 - INF - post - ('Servicio de validación de token',)
13:12:44 - INF - post - ('Servicio de validación de token',)
13:12:44 - INF - post - ('Servicio de validación de token',)
13:12:44 - INF - post - ('Servicio de validación de token',)
13:12:44 - INF - post - ('Servicio de validación de token',)
13:12:45 - INF - post - ('Servicio de validación de token',)
13:12:45 - INF - post - ('Servicio de validación de token',)
13:12:45 - INF - post - ('Servicio de validación de token',)
13:12:45 - INF - post - ('Servicio de validación de token',)
13:12:45 - INF - post - ('Servicio de validación de token',)
13:12:46 - INF - post - ('Servicio de validación de token',)
13:12:46 - INF - post - ('Servicio de validación de token',)
13:12:46 - INF - post - ('Servicio de validación de token',)
13:12:46 - INF - post - ('Servicio de validación de token',)
13:12:46 - INF - post - ('Servicio de validación de token',)
13:12:46 - INF - post - ('Servicio de validación de token',)
13:12:46 - INF - post - ('Servicio de validación de token',)
13:12:46 - INF - post - ('Servicio de validación de token',)
13:12:46 - INF - post - ('Servicio de validación de token',)
13:12:46 - INF - post - ('Servicio de validación de token',)
13:12:46 - INF - post - ('Servicio de validación de token',)
13:12:47 - INF - post - ('Servicio de validación de token',)
13:12:47 - INF - post - ('Servicio de validación de token',)
13:12:47 - INF - post - ('Servicio de validación de token',)
13:12:47 - INF - post - ('Servicio de validación de token',)
13:12:47 - INF - post - ('Servicio de validación de token',)
13:12:47 - INF - post - ('Servicio de validación de token',)
13:12:47 - INF - post - ('Servicio de validación de token',)
13:12:47 - INF - post - ('Servicio de validación de token',)
13:12:47 - INF - post - ('Servicio de validación de token',)
13:12:48 - INF - post - ('Servicio de validación de token',)
13:12:48 - INF - post - ('Servicio de validación de token',)
13:12:48 - INF - post - ('Servicio de validación de token',)
13:12:48 - INF - post - ('Servicio de validación de token',)
13:12:48 - INF - post - ('Servicio de validación de token',)
13:12:48 - INF - post - ('Servicio de validación de token',)
13:12:48 - INF - post - ('Servicio de validación de token',)
13:12:48 - INF - post - ('Servicio de validación de token',)
13:12:48 - INF - post - ('Servicio de validación de token',)
13:12:49 - INF - post - ('Servicio de validación de token',)
13:12:49 - INF - post - ('Servicio de validación de token',)
13:12:49 - INF - post - ('Servicio de validación de token',)
13:12:49 - INF - post - ('Servicio de validación de token',)
13:12:49 - INF - post - ('Servicio de validación de token',)
13:12:49 - INF - post - ('Servicio de validación de token',)
13:12:49 - INF - post - ('Servicio de validación de token',)
13:12:49 - INF - post - ('Servicio de validación de token',)
13:12:50 - INF - post - ('Servicio de validación de token',)
13:12:50 - INF - post - ('Servicio de validación de token',)
13:12:50 - INF - post - ('Servicio de validación de token',)
13:12:50 - INF - post - ('Servicio de validación de token',)
13:20:53 - INF - <module> - ('Servicio Finalizado',)
13:20:53 - INF - <module> - ('Servicio Finalizado',)
13:20:55 - INF - <module> - ('Servicio Iniciado puerto 10100',)
13:20:56 - INF - <module> - ('Servicio Iniciado puerto 10100',)
13:21:06 - INF - post - ('Servicio de validación de token',)
13:21:06 - INF - post - ('Servicio de validación de token',)
13:21:18 - INF - post - ('Servicio para Validar login del usaurio',)
13:21:19 - INF - token_generate - ('Token Generado-> eyJhbGciOiJIUzI1NiIsInR5cCI6IkpXVCJ9.eyJpYXQiOjE3Njk3OTcyNzksImV4cCI6MTc2OTc5ODE3OSwidXNlcm5hbWUiOiJhZG1pbiJ9.sx6UjCbkl4iz2V47ECJOjEL5D6UfXboq_9ItqVqXt4w',)
13:23:11 - INF - post - ('Servicio para Validar login del usaurio',)
13:23:12 - INF - token_generate - ('Token Generado-> eyJhbGciOiJIUzI1NiIsInR5cCI6IkpXVCJ9.eyJpYXQiOjE3Njk3OTczOTIsImV4cCI6MTc2OTc5ODI5MiwidXNlcm5hbWUiOiJnZXJlbnRlIn0.AdsPucClaAoYJAIevq_tQAcSo1es4Xd2adnqsTHU1yc',)
13:23:13 - INF - post - ('Servicio de validación de token',)
13:23:13 - INF - post - ('Servicio de validación de token',)
13:23:13 - INF - post - ('Servicio de validación de token',)
13:23:13 - INF - post - ('Servicio de validación de token',)
13:23:13 - INF - post - ('Servicio de validación de token',)
13:23:13 - INF - post - ('Servicio de validación de token',)
13:23:13 - INF - post - ('Servicio de validación de token',)
13:23:13 - INF - post - ('Servicio de validación de token',)
13:23:14 - INF - post - ('Servicio de validación de token',)
13:23:14 - INF - post - ('Servicio de validación de token',)
13:23:14 - INF - post - ('Servicio de validación de token',)
13:23:14 - INF - post - ('Servicio de validación de token',)
13:23:14 - INF - post - ('Servicio de validación de token',)
13:23:14 - INF - post - ('Servicio de validación de token',)
13:23:14 - INF - post - ('Servicio de validación de token',)
13:23:15 - INF - post - ('Servicio de validación de token',)
13:23:15 - INF - post - ('Servicio de validación de token',)
13:23:15 - INF - post - ('Servicio de validación de token',)
13:23:39 - INF - post - ('Servicio para Validar login del usaurio',)
13:23:40 - INF - token_generate - ('Token Generado-> eyJhbGciOiJIUzI1NiIsInR5cCI6IkpXVCJ9.eyJpYXQiOjE3Njk3OTc0MjAsImV4cCI6MTc2OTc5ODMyMCwidXNlcm5hbWUiOiJyZWNlcDAxIn0.s-oAvQFuenvPgOduMrYAIawLuJdSneucBF5B7WxnSzk',)
13:23:41 - INF - post - ('Servicio de validación de token',)
13:23:41 - INF - post - ('Servicio de validación de token',)
13:23:50 - INF - post - ('Servicio para Validar login del usaurio',)
13:23:51 - INF - token_generate - ('Token Generado-> eyJhbGciOiJIUzI1NiIsInR5cCI6IkpXVCJ9.eyJpYXQiOjE3Njk3OTc0MzEsImV4cCI6MTc2OTc5ODMzMSwidXNlcm5hbWUiOiJyZWNlcDAxIn0.V3YcxGkwwJJTVB9aaBiLBvark0xZp4nYxsFFzf5hedI',)
13:23:51 - INF - post - ('Servicio de validación de token',)
13:23:51 - INF - post - ('Servicio de validación de token',)
13:23:51 - INF - post - ('Servicio de validación de token',)
13:23:52 - INF - post - ('Servicio de validación de token',)
13:23:52 - INF - post - ('Servicio de validación de token',)
13:23:52 - INF - post - ('Servicio de validación de token',)
13:23:52 - INF - post - ('Servicio de validación de token',)
13:23:52 - INF - post - ('Servicio de validación de token',)
13:23:52 - INF - post - ('Servicio de validación de token',)
13:23:52 - INF - post - ('Servicio de validación de token',)
13:23:52 - INF - post - ('Servicio de validación de token',)
13:23:52 - INF - post - ('Servicio de validación de token',)
13:23:52 - INF - post - ('Servicio de validación de token',)
13:23:52 - INF - post - ('Servicio de validación de token',)
13:23:53 - INF - post - ('Servicio de validación de token',)
13:23:53 - INF - post - ('Servicio de validación de token',)
13:23:53 - INF - post - ('Servicio de validación de token',)
13:23:53 - INF - post - ('Servicio de validación de token',)
13:23:53 - INF - post - ('Servicio de validación de token',)
13:23:53 - INF - post - ('Servicio de validación de token',)
13:23:53 - INF - post - ('Servicio de validación de token',)
13:24:10 - INF - post - ('Servicio para Validar login del usaurio',)
13:24:11 - INF - token_generate - ('Token Generado-> eyJhbGciOiJIUzI1NiIsInR5cCI6IkpXVCJ9.eyJpYXQiOjE3Njk3OTc0NTEsImV4cCI6MTc2OTc5ODM1MSwidXNlcm5hbWUiOiJtZXNlcm9fMDEifQ.5FRT-LbPW1_-KswBlKqdCN-NWR6gzviypu_hiEdKEVs',)
13:24:11 - INF - post - ('Servicio de validación de token',)
13:24:11 - INF - post - ('Servicio de validación de token',)
13:24:11 - INF - post - ('Servicio de validación de token',)
13:24:11 - INF - post - ('Servicio de validación de token',)
13:24:12 - INF - post - ('Servicio de validación de token',)
13:24:12 - INF - post - ('Servicio de validación de token',)
13:24:12 - INF - post - ('Servicio de validación de token',)
13:24:12 - INF - post - ('Servicio de validación de token',)
13:24:12 - INF - post - ('Servicio de validación de token',)
13:24:12 - INF - post - ('Servicio de validación de token',)
13:24:12 - INF - post - ('Servicio de validación de token',)
13:24:13 - INF - post - ('Servicio de validación de token',)
13:24:13 - INF - post - ('Servicio de validación de token',)
13:24:13 - INF - post - ('Servicio de validación de token',)
13:24:13 - INF - post - ('Servicio de validación de token',)
13:24:13 - INF - post - ('Servicio de validación de token',)
13:24:13 - INF - post - ('Servicio de validación de token',)
13:24:13 - INF - post - ('Servicio de validación de token',)
13:24:13 - INF - post - ('Servicio de validación de token',)
13:24:13 - INF - post - ('Servicio de validación de token',)
13:24:13 - INF - post - ('Servicio de validación de token',)
13:24:14 - INF - post - ('Servicio de validación de token',)
13:24:14 - INF - post - ('Servicio de validación de token',)
13:24:14 - INF - post - ('Servicio de validación de token',)
13:24:14 - INF - post - ('Servicio de validación de token',)
13:24:14 - INF - post - ('Servicio de validación de token',)
13:24:14 - INF - post - ('Servicio de validación de token',)
13:24:14 - INF - post - ('Servicio de validación de token',)
13:24:15 - INF - post - ('Servicio de validación de token',)
13:24:15 - INF - post - ('Servicio de validación de token',)
13:24:15 - INF - post - ('Servicio de validación de token',)
13:24:15 - INF - post - ('Servicio de validación de token',)
13:24:15 - INF - post - ('Servicio de validación de token',)
13:24:15 - INF - post - ('Servicio de validación de token',)
13:24:15 - INF - post - ('Servicio de validación de token',)
13:24:15 - INF - post - ('Servicio de validación de token',)
13:24:15 - INF - post - ('Servicio de validación de token',)
13:24:16 - INF - post - ('Servicio de validación de token',)
13:24:16 - INF - post - ('Servicio de validación de token',)
13:24:16 - INF - post - ('Servicio de validación de token',)
13:24:16 - INF - post - ('Servicio de validación de token',)
13:24:16 - INF - post - ('Servicio de validación de token',)
13:24:16 - INF - post - ('Servicio de validación de token',)
13:24:16 - INF - post - ('Servicio de validación de token',)
13:24:16 - INF - post - ('Servicio de validación de token',)
13:24:16 - INF - post - ('Servicio de validación de token',)
13:24:16 - INF - post - ('Servicio de validación de token',)
13:24:17 - INF - post - ('Servicio de validación de token',)
13:24:17 - INF - post - ('Servicio de validación de token',)
13:24:17 - INF - post - ('Servicio de validación de token',)
13:24:17 - INF - post - ('Servicio de validación de token',)
13:26:48 - INF - post - ('Servicio para Validar login del usaurio',)
13:26:49 - INF - token_generate - ('Token Generado-> eyJhbGciOiJIUzI1NiIsInR5cCI6IkpXVCJ9.eyJpYXQiOjE3Njk3OTc2MDksImV4cCI6MTc2OTc5ODUwOSwidXNlcm5hbWUiOiJnZXJlbnRlIn0.yfkQb9iznUEguKKgpudgYVWRguoSF-DBrO55BCMjFgU',)
13:37:20 - INF - post - ('Servicio para Validar login del usaurio',)
13:37:22 - INF - token_generate - ('Token Generado-> eyJhbGciOiJIUzI1NiIsInR5cCI6IkpXVCJ9.eyJpYXQiOjE3Njk3OTgyNDIsImV4cCI6MTc2OTc5OTE0MiwidXNlcm5hbWUiOiJhZG1pbiJ9.ZIBrRfpgYiSAr4FuluBhC9Wm1lA_jzfNwKK88InAA1Y',)
13:37:33 - INF - post - ('Servicio para Validar login del usaurio',)
13:37:34 - INF - token_generate - ('Token Generado-> eyJhbGciOiJIUzI1NiIsInR5cCI6IkpXVCJ9.eyJpYXQiOjE3Njk3OTgyNTQsImV4cCI6MTc2OTc5OTE1NCwidXNlcm5hbWUiOiJhZG1pbiJ9.rCkt-NqSRFFXsbFbugzGdMN1IX0BFZdCtVwUefuPv4o',)
13:38:29 - INF - post - ('Servicio para Validar login del usaurio',)
13:38:30 - INF - token_generate - ('Token Generado-> eyJhbGciOiJIUzI1NiIsInR5cCI6IkpXVCJ9.eyJpYXQiOjE3Njk3OTgzMTAsImV4cCI6MTc2OTc5OTIxMCwidXNlcm5hbWUiOiJhZG1pbiJ9.CO8Pxq5NIzaMDGMaJUE8RmqVrn-qNVafN3ykzJDYmc0',)
13:39:03 - INF - post - ('Servicio para Validar login del usaurio',)
13:39:04 - INF - token_generate - ('Token Generado-> eyJhbGciOiJIUzI1NiIsInR5cCI6IkpXVCJ9.eyJpYXQiOjE3Njk3OTgzNDQsImV4cCI6MTc2OTc5OTI0NCwidXNlcm5hbWUiOiJhZG1pbiJ9.hRpuVLchRO6Oa4fRyGLab0qvvOxeW44s06H9z5iqTPo',)
13:55:10 - INF - post - ('Servicio para Validar login del usaurio',)
13:55:12 - INF - token_generate - ('Token Generado-> eyJhbGciOiJIUzI1NiIsInR5cCI6IkpXVCJ9.eyJpYXQiOjE3Njk3OTkzMTIsImV4cCI6MTc2OTgwMDIxMiwidXNlcm5hbWUiOiJtZXNlcm9fMDEifQ.Od7oOqCCTbK7Kgs3Tb6IiLUHz86FGNXDR4Sdi_uEB0U',)
14:02:34 - INF - post - ('Servicio para Validar login del usaurio',)
14:02:35 - INF - token_generate - ('Token Generado-> eyJhbGciOiJIUzI1NiIsInR5cCI6IkpXVCJ9.eyJpYXQiOjE3Njk3OTk3NTUsImV4cCI6MTc2OTgwMDY1NSwidXNlcm5hbWUiOiJhZG1pbiJ9.y2sw10lCDIEWOyu7eUrTCIW87QOMskqd83xYggmC7bs',)
14:03:04 - INF - post - ('Servicio para Validar login del usaurio',)
14:03:05 - INF - token_generate - ('Token Generado-> eyJhbGciOiJIUzI1NiIsInR5cCI6IkpXVCJ9.eyJpYXQiOjE3Njk3OTk3ODUsImV4cCI6MTc2OTgwMDY4NSwidXNlcm5hbWUiOiJtZXNlcm9fMDEifQ.qk26KTGLXAr3gd9PoEuakeWF-l0dB7RSmOf_Cd0br-Q',)
14:11:36 - INF - post - ('Servicio para Validar login del usaurio',)
14:11:44 - INF - post - ('Servicio para Validar login del usaurio',)
14:11:44 - INF - token_generate - ('Token Generado-> eyJhbGciOiJIUzI1NiIsInR5cCI6IkpXVCJ9.eyJpYXQiOjE3Njk4MDAzMDQsImV4cCI6MTc2OTgwMTIwNCwidXNlcm5hbWUiOiJhZG1pbiJ9.8-aQN5LI0RVE3MuP0F2g1A86Mr8Q_4bbc-84bNN69Nc',)
14:12:04 - INF - post - ('Servicio para Validar login del usaurio',)
14:12:09 - INF - post - ('Servicio para Validar login del usaurio',)
14:12:10 - INF - token_generate - ('Token Generado-> eyJhbGciOiJIUzI1NiIsInR5cCI6IkpXVCJ9.eyJpYXQiOjE3Njk4MDAzMzAsImV4cCI6MTc2OTgwMTIzMCwidXNlcm5hbWUiOiJhZG1pbiJ9.buOsqiT0BHjX5BXqZ8QwZScE1NU9l0fYqUv99v0QpXY',)
14:12:37 - INF - post - ('Servicio para Validar login del usaurio',)
14:12:38 - INF - token_generate - ('Token Generado-> eyJhbGciOiJIUzI1NiIsInR5cCI6IkpXVCJ9.eyJpYXQiOjE3Njk4MDAzNTgsImV4cCI6MTc2OTgwMTI1OCwidXNlcm5hbWUiOiJnZXJlbnRlIn0.m7Gu_UkE7UgHczMXgF-7hE07cdt9_zXolq_LzRZPKtw',)
14:15:56 - INF - post - ('Servicio para Validar login del usaurio',)
14:15:57 - INF - token_generate - ('Token Generado-> eyJhbGciOiJIUzI1NiIsInR5cCI6IkpXVCJ9.eyJpYXQiOjE3Njk4MDA1NTcsImV4cCI6MTc2OTgwMTQ1NywidXNlcm5hbWUiOiJhZG1pbiJ9.hBqsOIf-r0V2ECWmwL6xvuQ4k8_Gb6VgzM_MLiH4Mbw',)
14:34:54 - INF - post - ('Servicio para Validar login del usaurio',)
14:34:55 - INF - token_generate - ('Token Generado-> eyJhbGciOiJIUzI1NiIsInR5cCI6IkpXVCJ9.eyJpYXQiOjE3Njk4MDE2OTUsImV4cCI6MTc2OTgwMjU5NSwidXNlcm5hbWUiOiJnZXJlbnRlIn0.Lz1_gXXNzhU3migN9Y1OFlRKq-v96yygm-UQSWWQHlA',)
14:35:50 - INF - post - ('Servicio para Validar login del usaurio',)
14:35:50 - INF - token_generate - ('Token Generado-> eyJhbGciOiJIUzI1NiIsInR5cCI6IkpXVCJ9.eyJpYXQiOjE3Njk4MDE3NTAsImV4cCI6MTc2OTgwMjY1MCwidXNlcm5hbWUiOiJyZWNlcDAxIn0.6T58K31KggJGn0858_4rmyuXrQRNlnGlDk5Y7hE-Jto',)
14:36:12 - INF - post - ('Servicio para Validar login del usaurio',)
14:36:13 - INF - token_generate - ('Token Generado-> eyJhbGciOiJIUzI1NiIsInR5cCI6IkpXVCJ9.eyJpYXQiOjE3Njk4MDE3NzMsImV4cCI6MTc2OTgwMjY3MywidXNlcm5hbWUiOiJtZXNlcm9fMDEifQ.cz0grE7WqHK-tNmLbKGRnvupg5O3sWyKkfTkmD3t_jw',)
14:38:50 - INF - post - ('Servicio para Validar login del usaurio',)
14:38:51 - INF - token_generate - ('Token Generado-> eyJhbGciOiJIUzI1NiIsInR5cCI6IkpXVCJ9.eyJpYXQiOjE3Njk4MDE5MzEsImV4cCI6MTc2OTgwMjgzMSwidXNlcm5hbWUiOiJhZG1pbiJ9.2JCqVyJo65NqLSbjiVi5o1sQKgQHDE5eCwiHJSnFv2I',)
16:37:18 - INF - post - ('Servicio para Validar login del usaurio',)
16:37:25 - INF - post - ('Servicio para Validar login del usaurio',)
16:42:27 - INF - post - ('Servicio para Validar login del usaurio',)
16:42:46 - INF - post - ('Servicio para Validar login del usaurio',)
16:43:04 - INF - post - ('Servicio para Validar login del usaurio',)
16:50:37 - INF - post - ('Servicio para Validar login del usaurio',)
16:50:49 - INF - post - ('Servicio para Validar login del usaurio',)
16:52:06 - INF - post - ('Servicio para Validar login del usaurio',)
16:52:07 - INF - token_generate - ('Token Generado-> eyJhbGciOiJIUzI1NiIsInR5cCI6IkpXVCJ9.eyJpYXQiOjE3Njk4MDk5MjcsImV4cCI6MTc2OTgxMDgyNywidXNlcm5hbWUiOiJhZG1pbiJ9._-NGvvzQrWgKXY-RntW-9oBsR08mh0BXm9ogr-QN5lA',)
16:52:09 - INF - post - ('Servicio de validación de token',)
16:53:15 - INF - post - ('Servicio para Validar login del usaurio',)
16:53:16 - INF - token_generate - ('Token Generado-> eyJhbGciOiJIUzI1NiIsInR5cCI6IkpXVCJ9.eyJpYXQiOjE3Njk4MDk5OTYsImV4cCI6MTc2OTgxMDg5NiwidXNlcm5hbWUiOiJhZG1pbiJ9.f1Hhy6H8X3LDqm0DXCnvwrI9LJLgCNDgZLfL-S2806s',)
16:53:17 - INF - post - ('Servicio de validación de token',)
16:55:51 - INF - post - ('Servicio para Validar login del usaurio',)
16:55:52 - INF - token_generate - ('Token Generado-> eyJhbGciOiJIUzI1NiIsInR5cCI6IkpXVCJ9.eyJpYXQiOjE3Njk4MTAxNTIsImV4cCI6MTc2OTgxMTA1MiwidXNlcm5hbWUiOiJhZG1pbiJ9.hB9RXL0nj14DVE52AirrD94JyAKbwIN10HggJoNo6As',)
16:55:54 - INF - post - ('Servicio de validación de token',)
18:37:06 - INF - post - ('Servicio para Validar login del usaurio',)
18:37:07 - INF - token_generate - ('Token Generado-> eyJhbGciOiJIUzI1NiIsInR5cCI6IkpXVCJ9.eyJpYXQiOjE3Njk4MTYyMjcsImV4cCI6MTc2OTgxNzEyNywidXNlcm5hbWUiOiJhZG1pbiJ9.LwQdp7Otah2A5WyyhH69IZu3X-2k71f-zgU1ugBg7KQ',)
18:37:11 - INF - post - ('Servicio para Validar login del usaurio',)
18:37:12 - INF - token_generate - ('Token Generado-> eyJhbGciOiJIUzI1NiIsInR5cCI6IkpXVCJ9.eyJpYXQiOjE3Njk4MTYyMzIsImV4cCI6MTc2OTgxNzEzMiwidXNlcm5hbWUiOiJhZG1pbiJ9.rAihjWlV0bXJMaOS1bbyy-hE1iGqsh8F8Grlvq8lAYI',)
18:37:19 - INF - post - ('Servicio para Validar login del usaurio',)
18:37:20 - INF - token_generate - ('Token Generado-> eyJhbGciOiJIUzI1NiIsInR5cCI6IkpXVCJ9.eyJpYXQiOjE3Njk4MTYyNDAsImV4cCI6MTc2OTgxNzE0MCwidXNlcm5hbWUiOiJhZG1pbiJ9.Ce1ouO9M8IOfnvR7NZxvQx3WNJr-1CLzuJ5OfdycAEQ',)
18:37:29 - INF - post - ('Servicio para Validar login del usaurio',)
18:37:30 - INF - token_generate - ('Token Generado-> eyJhbGciOiJIUzI1NiIsInR5cCI6IkpXVCJ9.eyJpYXQiOjE3Njk4MTYyNTAsImV4cCI6MTc2OTgxNzE1MCwidXNlcm5hbWUiOiJhZG1pbiJ9.UORp4aWMkgxijeSStJPPbc_NltLYTXkeYSks17rbwNc',)
18:40:04 - INF - post - ('Servicio de validación de token',)
18:40:04 - INF - post - ('Servicio de validación de token',)
18:40:04 - INF - post - ('Servicio de validación de token',)
18:40:04 - INF - post - ('Servicio de validación de token',)
18:40:20 - INF - post - ('Servicio para Validar login del usaurio',)
18:40:21 - INF - token_generate - ('Token Generado-> eyJhbGciOiJIUzI1NiIsInR5cCI6IkpXVCJ9.eyJpYXQiOjE3Njk4MTY0MjEsImV4cCI6MTc2OTgxNzMyMSwidXNlcm5hbWUiOiJhZG1pbiJ9.pi-IskW35qnSW-b_gz_P_cDkY4LzcV-qrcPpp6jUuHQ',)
18:40:21 - INF - post - ('Servicio de validación de token',)
18:40:31 - INF - post - ('Servicio para Validar login del usaurio',)
18:40:32 - INF - token_generate - ('Token Generado-> eyJhbGciOiJIUzI1NiIsInR5cCI6IkpXVCJ9.eyJpYXQiOjE3Njk4MTY0MzIsImV4cCI6MTc2OTgxNzMzMiwidXNlcm5hbWUiOiJhZG1pbiJ9.s2pRNwJehvD-AnoGCg1jGTVgD5YvcLNL_5RqjUICQOU',)
18:40:32 - INF - post - ('Servicio de validación de token',)
18:40:38 - INF - post - ('Servicio para Validar login del usaurio',)
18:40:39 - INF - token_generate - ('Token Generado-> eyJhbGciOiJIUzI1NiIsInR5cCI6IkpXVCJ9.eyJpYXQiOjE3Njk4MTY0MzksImV4cCI6MTc2OTgxNzMzOSwidXNlcm5hbWUiOiJhZG1pbiAifQ.mjb-AOSSplP7LvOXHK4WYyIOprZ-itPVaUON0V96Ixk',)
18:40:39 - INF - post - ('Servicio de validación de token',)
18:42:36 - INF - post - ('Servicio para Validar login del usaurio',)
18:42:37 - INF - token_generate - ('Token Generado-> eyJhbGciOiJIUzI1NiIsInR5cCI6IkpXVCJ9.eyJpYXQiOjE3Njk4MTY1NTcsImV4cCI6MTc2OTgxNzQ1NywidXNlcm5hbWUiOiJhZG1pbiJ9.izUEVacihDT9Os8T6TcvutFG2zHmd3VAPwXGCtq5Q2w',)
18:42:38 - INF - post - ('Servicio de validación de token',)
18:42:51 - INF - post - ('Servicio para Validar login del usaurio',)
18:42:52 - INF - token_generate - ('Token Generado-> eyJhbGciOiJIUzI1NiIsInR5cCI6IkpXVCJ9.eyJpYXQiOjE3Njk4MTY1NzIsImV4cCI6MTc2OTgxNzQ3MiwidXNlcm5hbWUiOiJhZG1pbiJ9.kqOPYgUvi5XuN7Fy92ojoDiIk9HYxtour-r7G4KosT4',)
18:42:52 - INF - post - ('Servicio de validación de token',)
18:42:57 - INF - post - ('Servicio para Validar login del usaurio',)
18:42:58 - INF - token_generate - ('Token Generado-> eyJhbGciOiJIUzI1NiIsInR5cCI6IkpXVCJ9.eyJpYXQiOjE3Njk4MTY1NzgsImV4cCI6MTc2OTgxNzQ3OCwidXNlcm5hbWUiOiJhZG1pbiJ9.NchcFtKpWSFUYnS2TwPrND8g-BXqIEOImJ1Dvkm7SZA',)
18:42:58 - INF - post - ('Servicio de validación de token',)
18:43:08 - INF - post - ('Servicio para Validar login del usaurio',)
18:43:09 - INF - token_generate - ('Token Generado-> eyJhbGciOiJIUzI1NiIsInR5cCI6IkpXVCJ9.eyJpYXQiOjE3Njk4MTY1ODksImV4cCI6MTc2OTgxNzQ4OSwidXNlcm5hbWUiOiJhZG1pbiJ9.bn_qIUe9n2hH8ygtFoTMm7V0f2BdltysBl8eIDQpduQ',)
18:43:09 - INF - post - ('Servicio de validación de token',)
18:44:43 - INF - post - ('Servicio para Validar login del usaurio',)
18:44:44 - INF - token_generate - ('Token Generado-> eyJhbGciOiJIUzI1NiIsInR5cCI6IkpXVCJ9.eyJpYXQiOjE3Njk4MTY2ODQsImV4cCI6MTc2OTgxNzU4NCwidXNlcm5hbWUiOiJhZG1pbiJ9._AUdaYlhSv0JxES-DHHxSCsgotnWPv13Ikpa8TNpt-g',)
18:44:45 - INF - post - ('Servicio de validación de token',)
18:47:37 - INF - <module> - ('Servicio Finalizado',)
18:47:37 - INF - <module> - ('Servicio Finalizado',)
18:54:09 - INF - <module> - ('Servicio Iniciado puerto 10100',)
18:54:09 - INF - <module> - ('Servicio Iniciado puerto 10100',)
18:54:31 - INF - post - ('Servicio para Validar login del usaurio',)
18:54:33 - INF - token_generate - ('Token Generado-> eyJhbGciOiJIUzI1NiIsInR5cCI6IkpXVCJ9.eyJpYXQiOjE3Njk4MTcyNzMsImV4cCI6MTc2OTgxODE3MywidXNlcm5hbWUiOiJhZG1pbiJ9.pLrYDKFv9mKEaIgGsr34zJZhqmIG_jn6nvpIM8WtkTE',)
18:54:34 - INF - post - ('Servicio de validación de token',)
18:54:40 - INF - post - ('Servicio para Validar login del usaurio',)
18:54:48 - INF - post - ('Servicio para Validar login del usaurio',)
18:54:49 - INF - token_generate - ('Token Generado-> eyJhbGciOiJIUzI1NiIsInR5cCI6IkpXVCJ9.eyJpYXQiOjE3Njk4MTcyODksImV4cCI6MTc2OTgxODE4OSwidXNlcm5hbWUiOiJhZG1pbiJ9.qcjRW12r5L6fW44CzVFSa8hYkIJPzS3CWCbz57GicK8',)
18:54:49 - INF - post - ('Servicio de validación de token',)
18:54:59 - INF - post - ('Servicio para Validar login del usaurio',)
18:55:00 - INF - token_generate - ('Token Generado-> eyJhbGciOiJIUzI1NiIsInR5cCI6IkpXVCJ9.eyJpYXQiOjE3Njk4MTczMDAsImV4cCI6MTc2OTgxODIwMCwidXNlcm5hbWUiOiJhZG1pbiJ9.Rp4L_S9fKOodab2VzkBHaYrzu2ULb6XYgtfq2eJBtQQ',)
18:55:00 - INF - post - ('Servicio de validación de token',)
18:56:21 - INF - <module> - ('Servicio Finalizado',)
18:56:21 - INF - <module> - ('Servicio Finalizado',)
18:57:11 - INF - <module> - ('Servicio Iniciado puerto 10100',)
18:57:11 - INF - <module> - ('Servicio Iniciado puerto 10100',)
18:57:23 - INF - post - ('Servicio para Validar login del usaurio',)
18:57:25 - INF - post - ('Servicio de validación de token',)
18:58:59 - INF - <module> - ('Servicio Finalizado',)
18:58:59 - INF - <module> - ('Servicio Iniciado puerto 10100',)
19:06:07 - INF - post - ('Servicio para Validar login del usaurio',)
19:06:09 - INF - token_generate - ('Token Generado-> eyJhbGciOiJIUzI1NiIsInR5cCI6IkpXVCJ9.eyJpYXQiOjE3Njk4MTc5NjksImV4cCI6MTc2OTgxODg2OSwidXNlcm5hbWUiOiJhZG1pbiJ9.S9-vD05Qf0AV4mSZfgVdOtkAEgLhvil0iRynal9bRRk',)
19:06:09 - INF - post - ('Servicio de validación de token',)
19:06:15 - INF - post - ('Servicio para Validar login del usaurio',)
19:06:16 - INF - token_generate - ('Token Generado-> eyJhbGciOiJIUzI1NiIsInR5cCI6IkpXVCJ9.eyJpYXQiOjE3Njk4MTc5NzYsImV4cCI6MTc2OTgxODg3NiwidXNlcm5hbWUiOiJhZG1pbiJ9.2mgw70jgKLacC6LtiEXB-T6GdbCu3fSav6oQPbnaMFA',)
19:06:16 - INF - post - ('Servicio de validación de token',)
19:10:22 - INF - post - ('Servicio para Validar login del usaurio',)
19:10:23 - INF - token_generate - ('Token Generado-> eyJhbGciOiJIUzI1NiIsInR5cCI6IkpXVCJ9.eyJpYXQiOjE3Njk4MTgyMjMsImV4cCI6MTc2OTgxOTEyMywidXNlcm5hbWUiOiJhZG1pbiJ9.iRatKxamI-U2YsvLRSVqbIw-DZ-CFQ0Aq55J1XJDXuk',)
19:10:25 - INF - post - ('Servicio de validación de token',)
19:10:25 - INF - post - ('Servicio de validación de token',)
19:28:27 - INF - post - ('Servicio para Validar login del usaurio',)
19:28:28 - INF - token_generate - ('Token Generado-> eyJhbGciOiJIUzI1NiIsInR5cCI6IkpXVCJ9.eyJpYXQiOjE3Njk4MTkzMDgsImV4cCI6MTc2OTgyMDIwOCwidXNlcm5hbWUiOiJhZG1pbiJ9.Q7y0nrahnLH8HTz31vpsf0ekNobQXVzheSPQuZOe2Gk',)
19:28:29 - INF - post - ('Servicio de validación de token',)
19:28:29 - INF - post - ('Servicio de validación de token',)
19:31:24 - INF - post - ('Servicio para Validar login del usaurio',)
19:31:25 - INF - post - ('Servicio para Validar login del usaurio',)
19:31:33 - INF - post - ('Servicio para Validar login del usaurio',)
19:35:07 - INF - post - ('Servicio para Validar login del usaurio',)
19:35:08 - INF - token_generate - ('Token Generado-> eyJhbGciOiJIUzI1NiIsInR5cCI6IkpXVCJ9.eyJpYXQiOjE3Njk4MTk3MDgsImV4cCI6MTc2OTgyMDYwOCwidXNlcm5hbWUiOiJhZG1pbiJ9.L4fHRHPZKGXz5bTq993vu5TsYsFHsyt_v0MBg02FurQ',)
19:35:08 - INF - post - ('Servicio de validación de token',)
19:35:08 - INF - post - ('Servicio de validación de token',)
19:38:52 - INF - post - ('Servicio para Validar login del usaurio',)
19:38:53 - INF - token_generate - ('Token Generado-> eyJhbGciOiJIUzI1NiIsInR5cCI6IkpXVCJ9.eyJpYXQiOjE3Njk4MTk5MzMsImV4cCI6MTc2OTgyMDgzMywidXNlcm5hbWUiOiJhZG1pbiJ9.V1LXgByXnJdUQigRXH4r2UH19wOtKmzTwx3vbjx8kaY',)
19:38:54 - INF - post - ('Servicio de validación de token',)
19:38:54 - INF - post - ('Servicio de validación de token',)
19:50:09 - INF - post - ('Servicio para Validar login del usaurio',)
19:50:10 - INF - token_generate - ('Token Generado-> eyJhbGciOiJIUzI1NiIsInR5cCI6IkpXVCJ9.eyJpYXQiOjE3Njk4MjA2MTAsImV4cCI6MTc2OTgyMTUxMCwidXNlcm5hbWUiOiJhZG1pbiJ9.MROeb4WkCrclaFGF7pXPt668Xq6M7QA7G3z-wYITyE4',)
19:52:41 - INF - post - ('Servicio para Validar login del usaurio',)
19:52:42 - INF - token_generate - ('Token Generado-> eyJhbGciOiJIUzI1NiIsInR5cCI6IkpXVCJ9.eyJpYXQiOjE3Njk4MjA3NjIsImV4cCI6MTc2OTgyMTY2MiwidXNlcm5hbWUiOiJhZG1pbiJ9.AiSzXvZjBXZZip6gO9mNdRNeXfqr3vhHrzwHwBveSwc',)
19:54:26 - INF - post - ('Servicio para Validar login del usaurio',)
19:54:27 - INF - token_generate - ('Token Generado-> eyJhbGciOiJIUzI1NiIsInR5cCI6IkpXVCJ9.eyJpYXQiOjE3Njk4MjA4NjcsImV4cCI6MTc2OTgyMTc2NywidXNlcm5hbWUiOiJhZG1pbiJ9.PF8qOhayQ_6a77K4RxWhMK4ZGTuCx96X5MS1-fIb1qI',)
19:56:54 - INF - post - ('Servicio para Validar login del usaurio',)
19:56:55 - INF - token_generate - ('Token Generado-> eyJhbGciOiJIUzI1NiIsInR5cCI6IkpXVCJ9.eyJpYXQiOjE3Njk4MjEwMTUsImV4cCI6MTc2OTgyMTkxNSwidXNlcm5hbWUiOiJnZXJlbnRlICAgIn0.jazBdOUfw0DxdwayY5ydQo9Bov0eOGuJdeOzDQOAyC0',)
19:57:29 - INF - post - ('Servicio para Validar login del usaurio',)
19:57:30 - INF - token_generate - ('Token Generado-> eyJhbGciOiJIUzI1NiIsInR5cCI6IkpXVCJ9.eyJpYXQiOjE3Njk4MjEwNTAsImV4cCI6MTc2OTgyMTk1MCwidXNlcm5hbWUiOiJyZWNlcDAxICAgIn0.EwkJ-MJV0mAWVJwfkb9iBp5av8k7LAIupgzZP1NiIUE',)
19:58:14 - INF - post - ('Servicio para Validar login del usaurio',)
19:58:16 - INF - token_generate - ('Token Generado-> eyJhbGciOiJIUzI1NiIsInR5cCI6IkpXVCJ9.eyJpYXQiOjE3Njk4MjEwOTYsImV4cCI6MTc2OTgyMTk5NiwidXNlcm5hbWUiOiJyZWNlcDAxICAgIn0.o0ZLPbXksQ3V05KPRPsI0em3t0xfbt-wqy8nuarx5Q0',)
22:57:12 - INF - post - ('Servicio para Validar login del usaurio',)
22:57:43 - INF - post - ('Servicio para Validar login del usaurio',)
22:57:44 - INF - token_generate - ('Token Generado-> eyJhbGciOiJIUzI1NiIsInR5cCI6IkpXVCJ9.eyJpYXQiOjE3Njk4MzE4NjQsImV4cCI6MTc2OTgzMjc2NCwidXNlcm5hbWUiOiJhZG1pbiJ9.qnF5NJw3o1yFbaxyx963Zb-YSl0xB9H8LQplR1eULB0',)
22:58:06 - INF - post - ('Servicio para Validar login del usaurio',)
22:58:07 - INF - post - ('Servicio para Validar login del usaurio',)
22:58:07 - INF - token_generate - ('Token Generado-> eyJhbGciOiJIUzI1NiIsInR5cCI6IkpXVCJ9.eyJpYXQiOjE3Njk4MzE4ODcsImV4cCI6MTc2OTgzMjc4NywidXNlcm5hbWUiOiJnZXJlbnRlIn0.qIFjxNlam2to15ybJ1__ksBB1LDDw7GMt3YHqH4PKXM',)
22:58:08 - INF - token_generate - ('Token Generado-> eyJhbGciOiJIUzI1NiIsInR5cCI6IkpXVCJ9.eyJpYXQiOjE3Njk4MzE4ODgsImV4cCI6MTc2OTgzMjc4OCwidXNlcm5hbWUiOiJnZXJlbnRlIn0._b1pjX8NAbrY5g2ZNpxgcT000TdW9HwAG2NwoOd7S6g',)
22:58:34 - INF - post - ('Servicio para Validar login del usaurio',)
22:58:35 - INF - token_generate - ('Token Generado-> eyJhbGciOiJIUzI1NiIsInR5cCI6IkpXVCJ9.eyJpYXQiOjE3Njk4MzE5MTUsImV4cCI6MTc2OTgzMjgxNSwidXNlcm5hbWUiOiJhZG1pbiJ9.fejgLL5FjJ7Ad1b9nPY5B1NaZlP9Wl8cwtovxe6ULZY',)
22:59:17 - INF - post - ('Servicio para Validar login del usaurio',)
22:59:19 - INF - token_generate - ('Token Generado-> eyJhbGciOiJIUzI1NiIsInR5cCI6IkpXVCJ9.eyJpYXQiOjE3Njk4MzE5NTksImV4cCI6MTc2OTgzMjg1OSwidXNlcm5hbWUiOiJhZG1pbiJ9.4PbRPIQ9UJFU9yW8ZBfHMcOD_E1XY42u6kv5UOMghHI',)
23:00:00 - INF - post - ('Servicio para Validar login del usaurio',)
23:00:01 - INF - token_generate - ('Token Generado-> eyJhbGciOiJIUzI1NiIsInR5cCI6IkpXVCJ9.eyJpYXQiOjE3Njk4MzIwMDEsImV4cCI6MTc2OTgzMjkwMSwidXNlcm5hbWUiOiJhZG1pbiJ9.On60UBvlwAX8VUQB2aOmMMiYtFEeybAWbo7GU4BGZpA',)
23:02:55 - INF - post - ('Servicio para Validar login del usaurio',)
23:02:56 - INF - token_generate - ('Token Generado-> eyJhbGciOiJIUzI1NiIsInR5cCI6IkpXVCJ9.eyJpYXQiOjE3Njk4MzIxNzYsImV4cCI6MTc2OTgzMzA3NiwidXNlcm5hbWUiOiJhZG1pbiJ9.s_WAVvhiHGLTN9J5sGezinf29LzRIPp5YMj8YieG1pc',)
23:04:41 - INF - post - ('Servicio para Validar login del usaurio',)
23:04:42 - INF - token_generate - ('Token Generado-> eyJhbGciOiJIUzI1NiIsInR5cCI6IkpXVCJ9.eyJpYXQiOjE3Njk4MzIyODIsImV4cCI6MTc2OTgzMzE4MiwidXNlcm5hbWUiOiJhZG1pbiJ9._Ahp22o8YJSU5Iyj0NLcPmPhnKCK_QbbfUwNfbd8Pgg',)
23:17:01 - INF - post - ('Servicio para Validar login del usaurio',)
23:17:02 - INF - token_generate - ('Token Generado-> eyJhbGciOiJIUzI1NiIsInR5cCI6IkpXVCJ9.eyJpYXQiOjE3Njk4MzMwMjIsImV4cCI6MTc2OTgzMzkyMiwidXNlcm5hbWUiOiJhZG1pbjIifQ.kkN5-y4iUieTXCRUKJwT5_uOM7aN9ztKXYEuN1Vp_Ec',)
23:26:20 - INF - post - ('Servicio para Validar login del usaurio',)
23:26:21 - INF - token_generate - ('Token Generado-> eyJhbGciOiJIUzI1NiIsInR5cCI6IkpXVCJ9.eyJpYXQiOjE3Njk4MzM1ODEsImV4cCI6MTc2OTgzNDQ4MSwidXNlcm5hbWUiOiJhZG1pbjIifQ.4sLimm6iLnO3qqgsQvU5gxEZ5xmnG17gl5sRXspOUZo',)
23:27:08 - INF - post - ('Servicio para Validar login del usaurio',)
23:27:09 - INF - token_generate - ('Token Generado-> eyJhbGciOiJIUzI1NiIsInR5cCI6IkpXVCJ9.eyJpYXQiOjE3Njk4MzM2MjksImV4cCI6MTc2OTgzNDUyOSwidXNlcm5hbWUiOiJhZG1pbjIifQ.jU4jWJaAvEjNLHwxHNJ0i9xncCprt3UvUlk_OFYyM5E',)
23:48:43 - INF - post - ('Servicio para Validar login del usaurio',)
23:48:44 - INF - token_generate - ('Token Generado-> eyJhbGciOiJIUzI1NiIsInR5cCI6IkpXVCJ9.eyJpYXQiOjE3Njk4MzQ5MjQsImV4cCI6MTc2OTgzNTgyNCwidXNlcm5hbWUiOiJhZG1pbjIifQ.jbOOsSU4-WUGb9Avb_DcdwpSgbKLKiE60rkHfuA2pSY',)
23:49:19 - INF - post - ('Servicio para Validar login del usaurio',)
23:49:20 - INF - token_generate - ('Token Generado-> eyJhbGciOiJIUzI1NiIsInR5cCI6IkpXVCJ9.eyJpYXQiOjE3Njk4MzQ5NjAsImV4cCI6MTc2OTgzNTg2MCwidXNlcm5hbWUiOiJhZG1pbjIifQ.QLXdlLd-M0jdnuwRG2cN80iv7HxS-Hji9Zn0IgMelC0',)
23:50:31 - INF - post - ('Servicio para Validar login del usaurio',)
23:50:35 - INF - post - ('Servicio para Validar login del usaurio',)
23:50:36 - INF - token_generate - ('Token Generado-> eyJhbGciOiJIUzI1NiIsInR5cCI6IkpXVCJ9.eyJpYXQiOjE3Njk4MzUwMzYsImV4cCI6MTc2OTgzNTkzNiwidXNlcm5hbWUiOiJhZG1pbjIifQ.SHh75p-6A8_SGnNrP4DdPpXK2zoEc0x7hhFLj8pV6iQ',)
23:51:02 - INF - post - ('Servicio para Validar login del usaurio',)
23:51:03 - INF - token_generate - ('Token Generado-> eyJhbGciOiJIUzI1NiIsInR5cCI6IkpXVCJ9.eyJpYXQiOjE3Njk4MzUwNjMsImV4cCI6MTc2OTgzNTk2MywidXNlcm5hbWUiOiJhZG1pbjIifQ.oeJ2NfRhL7OPd1MPg1TTwHE3MhjMp5SgxNStU-n8CL0',)
23:56:19 - INF - post - ('Servicio para Validar login del usaurio',)
23:56:21 - INF - token_generate - ('Token Generado-> eyJhbGciOiJIUzI1NiIsInR5cCI6IkpXVCJ9.eyJpYXQiOjE3Njk4MzUzODEsImV4cCI6MTc2OTgzNjI4MSwidXNlcm5hbWUiOiJhZG1pbjIifQ.6bxzCTnwn5_cDHMAacNttOQAwcVYuPH2luycbYuSBrk',)
