00:01:43 - INF - <module> - ('Servicio Finalizado',)
00:01:43 - INF - <module> - ('Servicio Iniciado puerto 10100',)
00:17:39 - INF - post - ('Servicio para Validar login del usaurio',)
00:17:41 - INF - token_generate - ('Token Generado-> eyJhbGciOiJIUzI1NiIsInR5cCI6IkpXVCJ9.eyJpYXQiOjE3Njk5MjMwNjEsImV4cCI6MTc2OTkyMzk2MSwidXNlcm5hbWUiOiJhZG1pbjIifQ.9mf4KfX9c4gPZJZcciggGQEx4aQQC9OZk1vST8Paq38',)
00:26:27 - INF - <module> - ('Servicio Finalizado',)
00:26:27 - INF - <module> - ('Servicio Finalizado',)
00:27:16 - INF - <module> - ('Servicio Iniciado puerto 10100',)
00:27:16 - INF - <module> - ('Servicio Iniciado puerto 10100',)
00:27:18 - INF - post - ('Servicio para Validar login del usaurio',)
00:27:19 - INF - token_generate - ('Token Generado-> eyJhbGciOiJIUzI1NiIsInR5cCI6IkpXVCJ9.eyJpYXQiOjE3Njk5MjM2MzksImV4cCI6MTc2OTkyNDUzOSwidXNlcm5hbWUiOiJhZG1pbjIifQ.HJsp_O9JPm_x3ldEGRqvzUX1nEVEsvVIahbTkfNSUyw',)
00:53:49 - INF - <module> - ('Servicio Finalizado',)
00:53:49 - INF - <module> - ('Servicio Iniciado puerto 10100',)
00:53:56 - INF - <module> - ('Servicio Finalizado',)
00:53:56 - INF - <module> - ('Servicio Iniciado puerto 10100',)
00:55:57 - INF - <module> - ('Servicio Finalizado',)
00:55:57 - INF - <module> - ('Servicio Iniciado puerto 10100',)
01:03:47 - INF - post - ('Servicio para Validar login del usaurio',)
01:03:48 - INF - token_generate - ('Token Generado-> eyJhbGciOiJIUzI1NiIsInR5cCI6IkpXVCJ9.eyJpYXQiOjE3Njk5MjU4MjgsImV4cCI6MTc2OTkyNjcyOCwidXNlcm5hbWUiOiJhZG1pbjIifQ.lyyKYngds-cy0qhRRTrKSwfZpi7w_iwEfN5Knscid7c',)
01:07:41 - INF - <module> - ('Servicio Finalizado',)
01:07:42 - INF - <module> - ('Servicio Iniciado puerto 10100',)
01:11:42 - INF - <module> - ('Servicio Finalizado',)
01:11:42 - INF - <module> - ('Servicio Iniciado puerto 10100',)
01:13:43 - INF - <module> - ('Servicio Finalizado',)
01:13:43 - INF - <module> - ('Servicio Iniciado puerto 10100',)
01:16:40 - INF - <module> - ('Servicio Finalizado',)
01:16:41 - INF - <module> - ('Servicio Iniciado puerto 10100',)
01:16:42 - INF - <module> - ('Servicio Finalizado',)
01:16:42 - INF - <module> - ('Servicio Finalizado',)
01:16:46 - INF - <module> - ('Servicio Iniciado puerto 10100',)
01:16:47 - INF - <module> - ('Servicio Iniciado puerto 10100',)
01:18:25 - INF - <module> - ('Servicio Finalizado',)
01:18:26 - INF - <module> - ('Servicio Iniciado puerto 10100',)
01:18:55 - INF - <module> - ('Servicio Finalizado',)
01:18:55 - INF - <module> - ('Servicio Iniciado puerto 10100',)
01:20:05 - INF - <module> - ('Servicio Finalizado',)
01:20:05 - INF - <module> - ('Servicio Iniciado puerto 10100',)
01:21:49 - INF - <module> - ('Servicio Finalizado',)
01:21:50 - INF - <module> - ('Servicio Iniciado puerto 10100',)
01:23:42 - INF - post - ('Servicio para Validar login del usaurio',)
01:23:51 - INF - post - ('Servicio para Validar login del usaurio',)
01:23:52 - INF - token_generate - ('Token Generado-> eyJhbGciOiJIUzI1NiIsInR5cCI6IkpXVCJ9.eyJpYXQiOjE3Njk5MjcwMzIsImV4cCI6MTc2OTkyNzkzMiwidXNlcm5hbWUiOiJhZG1pbjIifQ.uc__iSM26Q5-l6w0k-kcS57yCctmwUggdImD51FGzko',)
01:46:09 - INF - post - ('Servicio para Validar login del usaurio',)
01:46:12 - INF - post - ('Servicio para Validar login del usaurio',)
01:46:13 - INF - token_generate - ('Token Generado-> eyJhbGciOiJIUzI1NiIsInR5cCI6IkpXVCJ9.eyJpYXQiOjE3Njk5MjgzNzMsImV4cCI6MTc2OTkyOTI3MywidXNlcm5hbWUiOiJhZG1pbjIifQ.X_jpOdVSF_yp_ZuaIQAGVv1eZ8P0aoNTFhOFvC-8qQw',)
02:05:57 - INF - post - ('Servicio para Validar login del usaurio',)
02:05:58 - INF - token_generate - ('Token Generado-> eyJhbGciOiJIUzI1NiIsInR5cCI6IkpXVCJ9.eyJpYXQiOjE3Njk5Mjk1NTgsImV4cCI6MTc2OTkzMDQ1OCwidXNlcm5hbWUiOiJhZG1pbjIifQ.7Wo-G7Cm2tXtfUxPDb0DPsYAbvB6oJMldxbfc6cFIVk',)
02:22:12 - INF - <module> - ('Servicio Finalizado',)
02:22:12 - INF - <module> - ('Servicio Iniciado puerto 10100',)
02:22:50 - INF - <module> - ('Servicio Finalizado',)
02:22:50 - INF - <module> - ('Servicio Iniciado puerto 10100',)
02:31:14 - INF - post - ('Servicio para Validar login del usaurio',)
02:31:22 - INF - post - ('Servicio para Validar login del usaurio',)
02:31:26 - INF - token_generate - ('Token Generado-> eyJhbGciOiJIUzI1NiIsInR5cCI6IkpXVCJ9.eyJpYXQiOjE3Njk5MzEwODYsImV4cCI6MTc2OTkzMTk4NiwidXNlcm5hbWUiOiJhZG1pbjIifQ.OIJKTlLh7ButWWPUtKi_BLaWEJdNc91jmNl7ZcYkWf4',)
02:50:22 - INF - <module> - ('Servicio Finalizado',)
02:50:22 - INF - <module> - ('Servicio Iniciado puerto 10100',)
02:51:03 - INF - <module> - ('Servicio Finalizado',)
02:51:03 - INF - <module> - ('Servicio Iniciado puerto 10100',)
03:45:15 - INF - <module> - ('Servicio Finalizado',)
03:45:16 - INF - <module> - ('Servicio Iniciado puerto 10100',)
03:45:48 - INF - <module> - ('Servicio Finalizado',)
03:45:48 - INF - <module> - ('Servicio Iniciado puerto 10100',)
03:46:06 - INF - <module> - ('Servicio Finalizado',)
03:46:07 - INF - <module> - ('Servicio Iniciado puerto 10100',)
03:46:14 - INF - <module> - ('Servicio Finalizado',)
03:46:14 - INF - <module> - ('Servicio Iniciado puerto 10100',)
03:54:33 - INF - <module> - ('Servicio Finalizado',)
03:54:34 - INF - <module> - ('Servicio Iniciado puerto 10100',)
03:57:46 - INF - <module> - ('Servicio Finalizado',)
03:57:46 - INF - <module> - ('Servicio Iniciado puerto 10100',)
03:59:12 - INF - <module> - ('Servicio Finalizado',)
03:59:12 - INF - <module> - ('Servicio Finalizado',)
03:59:12 - INF - <module> - ('Servicio Iniciado puerto 10100',)
03:59:12 - INF - <module> - ('Servicio Iniciado puerto 10100',)
03:59:36 - INF - post - ('Servicio para Validar login del usaurio',)
03:59:38 - INF - token_generate - ('Token Generado-> eyJhbGciOiJIUzI1NiIsInR5cCI6IkpXVCJ9.eyJpYXQiOjE3Njk5MzYzNzgsImV4cCI6MTc2OTkzNzI3OCwidXNlcm5hbWUiOiJhZG1pbjIifQ.s1nxXXRArfOguVTMILaEP_iCnMiSsYZkYH-utFPZzxA',)
04:01:13 - INF - <module> - ('Servicio Finalizado',)
04:01:14 - INF - <module> - ('Servicio Iniciado puerto 10100',)
04:02:17 - INF - <module> - ('Servicio Finalizado',)
04:02:17 - INF - <module> - ('Servicio Iniciado puerto 10100',)
04:03:08 - INF - <module> - ('Servicio Finalizado',)
04:03:08 - INF - <module> - ('Servicio Iniciado puerto 10100',)
04:03:32 - INF - <module> - ('Servicio Finalizado',)
04:03:33 - INF - <module> - ('Servicio Iniciado puerto 10100',)
04:04:25 - INF - <module> - ('Servicio Finalizado',)
04:04:25 - INF - <module> - ('Servicio Iniciado puerto 10100',)
04:16:54 - INF - post - ('Servicio para Validar login del usaurio',)
04:16:55 - INF - token_generate - ('Token Generado-> eyJhbGciOiJIUzI1NiIsInR5cCI6IkpXVCJ9.eyJpYXQiOjE3Njk5Mzc0MTUsImV4cCI6MTc2OTkzODMxNSwidXNlcm5hbWUiOiJhZG1pbjIifQ.tr5kwoB9JCXUXXN0pO8hZpozUvno10dXuHPXm3MeTsw',)
04:21:16 - INF - <module> - ('Servicio Finalizado',)
04:21:16 - INF - <module> - ('Servicio Finalizado',)
04:22:48 - INF - <module> - ('Servicio Iniciado puerto 10100',)
04:22:48 - INF - <module> - ('Servicio Iniciado puerto 10100',)
04:23:06 - INF - post - ('Servicio para Validar login del usaurio',)
04:23:07 - INF - token_generate - ('Token Generado-> eyJhbGciOiJIUzI1NiIsInR5cCI6IkpXVCJ9.eyJpYXQiOjE3Njk5Mzc3ODcsImV4cCI6MTc2OTkzODY4NywidXNlcm5hbWUiOiJhZG1pbjIifQ.Uz4s9aiiDDneQazobu2M2HqfLj1HbNVENYXx4tZG0cI',)
04:25:40 - INF - <module> - ('Servicio Finalizado',)
04:25:40 - INF - <module> - ('Servicio Iniciado puerto 10100',)
04:25:55 - INF - <module> - ('Servicio Finalizado',)
04:25:55 - INF - <module> - ('Servicio Iniciado puerto 10100',)
04:25:57 - INF - <module> - ('Servicio Finalizado',)
04:25:57 - INF - <module> - ('Servicio Iniciado puerto 10100',)
13:17:58 - INF - <module> - ('Servicio Iniciado puerto 10100',)
13:17:59 - INF - <module> - ('Servicio Iniciado puerto 10100',)
13:18:07 - INF - <module> - ('Servicio Finalizado',)
13:18:07 - INF - <module> - ('Servicio Finalizado',)
13:18:15 - INF - <module> - ('Servicio Iniciado puerto 10100',)
13:18:17 - INF - <module> - ('Servicio Iniciado puerto 10100',)
13:18:33 - INF - <module> - ('Servicio Finalizado',)
13:18:33 - INF - <module> - ('Servicio Finalizado',)
14:32:17 - INF - <module> - ('Servicio Iniciado puerto 10100',)
14:32:20 - INF - <module> - ('Servicio Iniciado puerto 10100',)
14:33:39 - INF - <module> - ('Servicio Finalizado',)
14:33:39 - INF - <module> - ('Servicio Finalizado',)
15:05:53 - INF - <module> - ('Servicio Iniciado puerto 10100',)
15:05:55 - INF - <module> - ('Servicio Iniciado puerto 10100',)
15:11:55 - INF - post - ('Servicio para Validar login del usaurio',)
15:12:59 - INF - post - ('Servicio para Validar login del usaurio',)
15:13:02 - INF - post - ('Servicio para Validar login del usaurio',)
15:13:02 - INF - post - ('Servicio para Validar login del usaurio',)
15:13:02 - INF - post - ('Servicio para Validar login del usaurio',)
15:13:03 - INF - post - ('Servicio para Validar login del usaurio',)
15:13:03 - INF - post - ('Servicio para Validar login del usaurio',)
15:13:03 - INF - post - ('Servicio para Validar login del usaurio',)
15:13:03 - INF - post - ('Servicio para Validar login del usaurio',)
15:13:03 - INF - post - ('Servicio para Validar login del usaurio',)
15:13:03 - INF - post - ('Servicio para Validar login del usaurio',)
15:13:04 - INF - post - ('Servicio para Validar login del usaurio',)
15:13:04 - INF - post - ('Servicio para Validar login del usaurio',)
15:13:04 - INF - post - ('Servicio para Validar login del usaurio',)
15:13:04 - INF - post - ('Servicio para Validar login del usaurio',)
15:13:56 - INF - post - ('Servicio para Validar login del usaurio',)
15:13:57 - INF - post - ('Servicio para Validar login del usaurio',)
15:13:57 - INF - post - ('Servicio para Validar login del usaurio',)
15:14:09 - INF - post - ('Servicio para Validar login del usaurio',)
15:17:10 - INF - <module> - ('Servicio Finalizado',)
15:17:11 - INF - <module> - ('Servicio Finalizado',)
15:19:51 - INF - <module> - ('Servicio Iniciado puerto 10100',)
15:19:53 - INF - <module> - ('Servicio Iniciado puerto 10100',)
16:06:37 - INF - <module> - ('Servicio Finalizado',)
16:06:38 - INF - <module> - ('Servicio Finalizado',)
17:15:22 - INF - <module> - ('Servicio Iniciado puerto 10100',)
17:15:24 - INF - <module> - ('Servicio Iniciado puerto 10100',)
17:18:40 - INF - <module> - ('Servicio Finalizado',)
17:18:41 - INF - <module> - ('Servicio Finalizado',)
