11:23:26 - INF - <module> - ('Servicio Iniciado puerto 10100',)
11:23:30 - INF - <module> - ('Servicio Iniciado puerto 10100',)
11:23:37 - INF - <module> - ('Servicio Finalizado',)
11:23:37 - INF - <module> - ('Servicio Finalizado',)
17:41:15 - INF - <module> - ('Servicio Iniciado puerto 10100',)
17:41:15 - INF - <module> - ('Servicio Iniciado puerto 10100',)
17:42:15 - INF - post - ('Servicio para Validar login del usaurio',)
17:46:07 - INF - <module> - ('Servicio Finalizado',)
17:46:08 - INF - <module> - ('Servicio Iniciado puerto 10100',)
17:46:14 - INF - <module> - ('Servicio Finalizado',)
17:46:14 - INF - <module> - ('Servicio Finalizado',)
17:47:31 - INF - <module> - ('Servicio Iniciado puerto 10100',)
17:47:32 - INF - <module> - ('Servicio Iniciado puerto 10100',)
17:47:50 - INF - post - ('Servicio para Validar login del usaurio',)
17:48:39 - INF - post - ('Servicio para Validar login del usaurio',)
17:56:52 - INF - <module> - ('Servicio Finalizado',)
17:56:52 - INF - <module> - ('Servicio Finalizado',)
17:58:42 - INF - <module> - ('Servicio Iniciado puerto 10100',)
17:58:42 - INF - <module> - ('Servicio Iniciado puerto 10100',)
17:59:03 - INF - post - ('Servicio para Validar login del usaurio',)
18:01:25 - INF - <module> - ('Servicio Finalizado',)
18:01:25 - INF - <module> - ('Servicio Finalizado',)
18:01:45 - INF - <module> - ('Servicio Iniciado puerto 10100',)
18:01:45 - INF - <module> - ('Servicio Iniciado puerto 10100',)
18:02:04 - INF - post - ('Servicio para Validar login del usaurio',)
18:06:41 - INF - <module> - ('Servicio Finalizado',)
18:06:42 - INF - <module> - ('Servicio Iniciado puerto 10100',)
18:06:53 - INF - <module> - ('Servicio Finalizado',)
18:06:53 - INF - <module> - ('Servicio Finalizado',)
18:07:00 - INF - <module> - ('Servicio Iniciado puerto 10100',)
18:07:00 - INF - <module> - ('Servicio Iniciado puerto 10100',)
18:07:29 - INF - post - ('Servicio para Validar login del usaurio',)
18:07:39 - INF - <module> - ('Servicio Finalizado',)
18:07:39 - INF - <module> - ('Servicio Finalizado',)
18:07:57 - INF - <module> - ('Servicio Iniciado puerto 10100',)
18:07:57 - INF - <module> - ('Servicio Iniciado puerto 10100',)
18:08:10 - INF - post - ('Servicio para Validar login del usaurio',)
18:10:24 - INF - post - ('Servicio para Validar login del usaurio',)
18:16:21 - INF - <module> - ('Servicio Finalizado',)
18:16:21 - INF - <module> - ('Servicio Finalizado',)
18:19:40 - INF - <module> - ('Servicio Iniciado puerto 10100',)
18:19:40 - INF - <module> - ('Servicio Iniciado puerto 10100',)
18:19:51 - INF - post - ('Servicio para Validar login del usaurio',)
18:21:01 - INF - <module> - ('Servicio Finalizado',)
18:21:01 - INF - <module> - ('Servicio Finalizado',)
18:21:11 - INF - <module> - ('Servicio Iniciado puerto 10100',)
18:21:11 - INF - <module> - ('Servicio Iniciado puerto 10100',)
18:21:21 - INF - post - ('Servicio para Validar login del usaurio',)
18:22:33 - INF - <module> - ('Servicio Finalizado',)
18:22:33 - INF - <module> - ('Servicio Finalizado',)
18:22:37 - INF - <module> - ('Servicio Iniciado puerto 10100',)
18:22:37 - INF - <module> - ('Servicio Iniciado puerto 10100',)
18:22:47 - INF - post - ('Servicio para Validar login del usaurio',)
18:25:19 - INF - <module> - ('Servicio Finalizado',)
18:25:19 - INF - <module> - ('Servicio Finalizado',)
18:26:35 - INF - <module> - ('Servicio Iniciado puerto 10100',)
18:26:35 - INF - <module> - ('Servicio Iniciado puerto 10100',)
18:26:57 - INF - post - ('Servicio para Validar login del usaurio',)
18:27:18 - INF - <module> - ('Servicio Finalizado',)
18:27:18 - INF - <module> - ('Servicio Finalizado',)
18:29:13 - INF - <module> - ('Servicio Iniciado puerto 10100',)
18:29:14 - INF - <module> - ('Servicio Iniciado puerto 10100',)
18:29:26 - INF - post - ('Servicio para Validar login del usaurio',)
18:30:26 - INF - <module> - ('Servicio Finalizado',)
18:30:26 - INF - <module> - ('Servicio Finalizado',)
18:30:28 - INF - <module> - ('Servicio Iniciado puerto 10100',)
18:30:28 - INF - <module> - ('Servicio Iniciado puerto 10100',)
18:30:49 - INF - post - ('Servicio para Validar login del usaurio',)
18:32:52 - INF - <module> - ('Servicio Finalizado',)
18:32:52 - INF - <module> - ('Servicio Finalizado',)
18:33:44 - INF - <module> - ('Servicio Iniciado puerto 10100',)
18:33:44 - INF - <module> - ('Servicio Iniciado puerto 10100',)
18:33:59 - INF - post - ('Servicio para Validar login del usaurio',)
18:34:02 - INF - token_generate - ('Token Generado-> eyJhbGciOiJIUzI1NiIsInR5cCI6IkpXVCJ9.eyJpYXQiOjE3Njk3Mjk2NDIsImV4cCI6MTc2OTczMDU0MiwidXNlcm5hbWUiOiJhZG1pbiJ9.NEi5sGKceHPuIEV-po5kLEFsyUK3x0ATut6d_Xof3GI',)
18:35:22 - INF - post - ('Servicio para Validar login del usaurio',)
18:35:23 - INF - token_generate - ('Token Generado-> eyJhbGciOiJIUzI1NiIsInR5cCI6IkpXVCJ9.eyJpYXQiOjE3Njk3Mjk3MjMsImV4cCI6MTc2OTczMDYyMywidXNlcm5hbWUiOiJhZG1pbiJ9.T68Jo8w_vsAfDbIGOWibEkm7UGmxMHeiNaB030IMwOI',)
19:34:31 - INF - <module> - ('Servicio Finalizado',)
19:34:31 - INF - <module> - ('Servicio Finalizado',)
19:34:33 - INF - <module> - ('Servicio Iniciado puerto 10100',)
19:34:34 - INF - <module> - ('Servicio Iniciado puerto 10100',)
19:35:00 - INF - post - ('Servicio para Validar login del usaurio',)
19:35:01 - INF - token_generate - ('Token Generado-> eyJhbGciOiJIUzI1NiIsInR5cCI6IkpXVCJ9.eyJpYXQiOjE3Njk3MzMzMDEsImV4cCI6MTc2OTczNDIwMSwidXNlcm5hbWUiOiJhZG1pbiJ9.kUhFJBo2N1DvItKE3ax7L2yssB_USzIkue8CZ8NdXv4',)
19:35:16 - INF - post - ('Servicio para Validar login del usaurio',)
19:35:17 - INF - token_generate - ('Token Generado-> eyJhbGciOiJIUzI1NiIsInR5cCI6IkpXVCJ9.eyJpYXQiOjE3Njk3MzMzMTcsImV4cCI6MTc2OTczNDIxNywidXNlcm5hbWUiOiJhZG1pbiJ9.ZsStQBsLm7E6dOQ2dmJZeBnycy46w3xLN2wAlsZ_mn0',)
19:35:31 - INF - post - ('Servicio para Validar login del usaurio',)
19:35:31 - INF - token_generate - ('Token Generado-> eyJhbGciOiJIUzI1NiIsInR5cCI6IkpXVCJ9.eyJpYXQiOjE3Njk3MzMzMzEsImV4cCI6MTc2OTczNDIzMSwidXNlcm5hbWUiOiJhZG1pbiJ9.nffYvt8DAK87_0oYTvvWeAOgF9CVtWLtlmK36cxPKv4',)
19:37:02 - INF - post - ('Servicio para Validar login del usaurio',)
19:37:04 - INF - token_generate - ('Token Generado-> eyJhbGciOiJIUzI1NiIsInR5cCI6IkpXVCJ9.eyJpYXQiOjE3Njk3MzM0MjQsImV4cCI6MTc2OTczNDMyNCwidXNlcm5hbWUiOiJhZG1pbiJ9.S3VDrRKbjtHOyrIf1e3QSeQotq7Zo3D0FvsHvF2Xk-s',)
19:37:13 - INF - post - ('Servicio para Validar login del usaurio',)
19:37:14 - INF - token_generate - ('Token Generado-> eyJhbGciOiJIUzI1NiIsInR5cCI6IkpXVCJ9.eyJpYXQiOjE3Njk3MzM0MzQsImV4cCI6MTc2OTczNDMzNCwidXNlcm5hbWUiOiJhZG1pbiJ9.yE3y3q8SLgo6b7nnaSIzHzFCeOkyJnP-xEY299WdqPE',)
19:37:20 - INF - post - ('Servicio para Validar login del usaurio',)
19:37:21 - INF - token_generate - ('Token Generado-> eyJhbGciOiJIUzI1NiIsInR5cCI6IkpXVCJ9.eyJpYXQiOjE3Njk3MzM0NDEsImV4cCI6MTc2OTczNDM0MSwidXNlcm5hbWUiOiJhZG1pbiJ9.i1bB9YLOGwLseJgk_XTER7r92BaTr8gHS2aHxR6UpCc',)
19:39:58 - INF - post - ('Servicio para Validar login del usaurio',)
19:39:59 - INF - token_generate - ('Token Generado-> eyJhbGciOiJIUzI1NiIsInR5cCI6IkpXVCJ9.eyJpYXQiOjE3Njk3MzM1OTksImV4cCI6MTc2OTczNDQ5OSwidXNlcm5hbWUiOiJhZG1pbiJ9.BahlqqQ6ApRs5CobVKRA0Mot6Md8ZFy5sGeQoOC5X_I',)
19:40:09 - INF - post - ('Servicio para Validar login del usaurio',)
19:40:10 - INF - token_generate - ('Token Generado-> eyJhbGciOiJIUzI1NiIsInR5cCI6IkpXVCJ9.eyJpYXQiOjE3Njk3MzM2MTAsImV4cCI6MTc2OTczNDUxMCwidXNlcm5hbWUiOiJhZG1pbiJ9.VAflQIVxpWfOBjNITLa_n4W8hWPxQrMjvIjSJh1CNyc',)
19:40:16 - INF - post - ('Servicio para Validar login del usaurio',)
19:40:17 - INF - token_generate - ('Token Generado-> eyJhbGciOiJIUzI1NiIsInR5cCI6IkpXVCJ9.eyJpYXQiOjE3Njk3MzM2MTcsImV4cCI6MTc2OTczNDUxNywidXNlcm5hbWUiOiJhZG1pbiJ9.irMOZYV5K0A8jCZAZhGeFeyy3kd3au8oR4YndO-OiYg',)
19:42:33 - INF - post - ('Servicio para Validar login del usaurio',)
19:42:41 - INF - post - ('Servicio para Validar login del usaurio',)
19:42:42 - INF - token_generate - ('Token Generado-> eyJhbGciOiJIUzI1NiIsInR5cCI6IkpXVCJ9.eyJpYXQiOjE3Njk3MzM3NjIsImV4cCI6MTc2OTczNDY2MiwidXNlcm5hbWUiOiJhZG1pbiJ9.gBCwmbeBn4xnTdjQ_v3dWCDar9iida4RN5sqhtEVRIY',)
19:44:48 - INF - post - ('Servicio para Validar login del usaurio',)
19:44:49 - INF - token_generate - ('Token Generado-> eyJhbGciOiJIUzI1NiIsInR5cCI6IkpXVCJ9.eyJpYXQiOjE3Njk3MzM4ODksImV4cCI6MTc2OTczNDc4OSwidXNlcm5hbWUiOiJhZG1pbiJ9.oKcM3RfUOAYkNdVDEMQymkaE2cKu1xf1XstCm0k_TOc',)
19:47:20 - INF - post - ('Servicio para Validar login del usaurio',)
19:47:21 - INF - token_generate - ('Token Generado-> eyJhbGciOiJIUzI1NiIsInR5cCI6IkpXVCJ9.eyJpYXQiOjE3Njk3MzQwNDEsImV4cCI6MTc2OTczNDk0MSwidXNlcm5hbWUiOiJhZG1pbiJ9.8FnB6u27zEFslvhonFu8MF7figq5774tyu3Y5US5RGQ',)
19:49:58 - INF - post - ('Servicio para Validar login del usaurio',)
19:49:59 - INF - token_generate - ('Token Generado-> eyJhbGciOiJIUzI1NiIsInR5cCI6IkpXVCJ9.eyJpYXQiOjE3Njk3MzQxOTksImV4cCI6MTc2OTczNTA5OSwidXNlcm5hbWUiOiJhZG1pbiJ9.JoRX9alS8Uuap6kXJ3ThFkMhgbcPqtUl3mPJPBbRKfs',)
19:51:08 - INF - post - ('Servicio para Validar login del usaurio',)
19:51:09 - INF - token_generate - ('Token Generado-> eyJhbGciOiJIUzI1NiIsInR5cCI6IkpXVCJ9.eyJpYXQiOjE3Njk3MzQyNjksImV4cCI6MTc2OTczNTE2OSwidXNlcm5hbWUiOiJhZG1pbiJ9.c201YbM4hbFZKexbVbM1qGeJKrUeaGWGuETdMT1v1JI',)
19:54:01 - INF - post - ('Servicio para Validar login del usaurio',)
19:54:02 - INF - token_generate - ('Token Generado-> eyJhbGciOiJIUzI1NiIsInR5cCI6IkpXVCJ9.eyJpYXQiOjE3Njk3MzQ0NDIsImV4cCI6MTc2OTczNTM0MiwidXNlcm5hbWUiOiJhZG1pbiJ9.0ZeTNviSDi2T4KFXlEpwA3Nf_MZL-fQsJJhjXB-FY-g',)
20:21:20 - INF - post - ('Servicio para Validar login del usaurio',)
20:21:21 - INF - token_generate - ('Token Generado-> eyJhbGciOiJIUzI1NiIsInR5cCI6IkpXVCJ9.eyJpYXQiOjE3Njk3MzYwODEsImV4cCI6MTc2OTczNjk4MSwidXNlcm5hbWUiOiJhZG1pbiJ9.0sBXif7v-6b0jd8RRu0IIaC7WmC3nbVjfXDedNUcMhc',)
20:31:22 - INF - <module> - ('Servicio Finalizado',)
20:31:23 - INF - <module> - ('Servicio Finalizado',)
23:55:38 - INF - <module> - ('Servicio Iniciado puerto 10100',)
23:55:38 - INF - <module> - ('Servicio Iniciado puerto 10100',)
23:55:48 - INF - <module> - ('Servicio Finalizado',)
23:55:48 - INF - <module> - ('Servicio Finalizado',)
