03:51:51 - INF - <module> - ('Servicio Finalizado',)
03:51:51 - INF - <module> - ('Servicio Finalizado',)
17:02:41 - INF - <module> - ('Servicio Iniciado puerto 10100',)
17:02:41 - INF - <module> - ('Servicio Iniciado puerto 10100',)
17:03:20 - INF - post - ('Servicio para Validar login del usaurio',)
17:03:23 - INF - token_generate - ('Token Generado-> eyJhbGciOiJIUzI1NiIsInR5cCI6IkpXVCJ9.eyJpYXQiOjE3Njk4OTcwMDMsImV4cCI6MTc2OTg5NzkwMywidXNlcm5hbWUiOiJhZG1pbjIgICAgIn0.Wssn0CpOohVJuGVFq2iSYRwfZbUrC7ozoswFlxXm3pY',)
17:11:16 - INF - <module> - ('Servicio Finalizado',)
17:11:16 - INF - <module> - ('Servicio Finalizado',)
17:24:17 - INF - <module> - ('Servicio Iniciado puerto 10100',)
17:24:18 - INF - <module> - ('Servicio Iniciado puerto 10100',)
17:24:21 - INF - post - ('Servicio para Validar login del usaurio',)
17:24:22 - INF - token_generate - ('Token Generado-> eyJhbGciOiJIUzI1NiIsInR5cCI6IkpXVCJ9.eyJpYXQiOjE3Njk4OTgyNjIsImV4cCI6MTc2OTg5OTE2MiwidXNlcm5hbWUiOiJhZG1pbjIgICAgIn0.aiMtEjILFw4MqCoXbQuwcYhm9DLzenl2dzu-wYEc2N8',)
17:34:38 - INF - post - ('Servicio para Validar login del usaurio',)
17:34:39 - INF - token_generate - ('Token Generado-> eyJhbGciOiJIUzI1NiIsInR5cCI6IkpXVCJ9.eyJpYXQiOjE3Njk4OTg4NzksImV4cCI6MTc2OTg5OTc3OSwidXNlcm5hbWUiOiJhZG1pbjIifQ.QIDwlbZ_aJVjX2vbnITjncIX8RmeBW6NX77huRMp3kE',)
17:50:07 - INF - post - ('Servicio para Validar login del usaurio',)
17:50:11 - INF - post - ('Servicio para Validar login del usaurio',)
17:50:12 - INF - token_generate - ('Token Generado-> eyJhbGciOiJIUzI1NiIsInR5cCI6IkpXVCJ9.eyJpYXQiOjE3Njk4OTk4MTIsImV4cCI6MTc2OTkwMDcxMiwidXNlcm5hbWUiOiJhZG1pbjIifQ.66hAqV3Xsfa1Yu35qFLfRSKCw328yhg7S7N_hQIWWuU',)
17:59:24 - INF - <module> - ('Servicio Finalizado',)
17:59:25 - INF - <module> - ('Servicio Iniciado puerto 10100',)
17:59:31 - INF - <module> - ('Servicio Finalizado',)
17:59:31 - INF - <module> - ('Servicio Finalizado',)
17:59:34 - INF - <module> - ('Servicio Iniciado puerto 10100',)
17:59:35 - INF - <module> - ('Servicio Iniciado puerto 10100',)
18:12:33 - INF - <module> - ('Servicio Finalizado',)
18:12:33 - INF - <module> - ('Servicio Finalizado',)
18:12:44 - INF - <module> - ('Servicio Iniciado puerto 10100',)
18:12:44 - INF - <module> - ('Servicio Iniciado puerto 10100',)
18:13:04 - INF - <module> - ('Servicio Finalizado',)
18:13:04 - INF - <module> - ('Servicio Finalizado',)
18:13:05 - INF - <module> - ('Servicio Iniciado puerto 10100',)
18:13:05 - INF - <module> - ('Servicio Iniciado puerto 10100',)
18:14:06 - INF - post - ('Servicio para Validar login del usaurio',)
18:14:07 - INF - token_generate - ('Token Generado-> eyJhbGciOiJIUzI1NiIsInR5cCI6IkpXVCJ9.eyJpYXQiOjE3Njk5MDEyNDcsImV4cCI6MTc2OTkwMjE0NywidXNlcm5hbWUiOiJhZG1pbjIifQ.YhNIFjbrx04RfyiPTXXdVBuNrSNSbH3s1YE1KjBUSz0',)
18:18:57 - INF - <module> - ('Servicio Finalizado',)
18:18:58 - INF - <module> - ('Servicio Iniciado puerto 10100',)
18:19:00 - INF - <module> - ('Servicio Finalizado',)
18:19:00 - INF - <module> - ('Servicio Finalizado',)
18:19:04 - INF - <module> - ('Servicio Iniciado puerto 10100',)
18:19:04 - INF - <module> - ('Servicio Iniciado puerto 10100',)
18:20:19 - INF - post - ('Servicio para Validar login del usaurio',)
18:20:21 - INF - token_generate - ('Token Generado-> eyJhbGciOiJIUzI1NiIsInR5cCI6IkpXVCJ9.eyJpYXQiOjE3Njk5MDE2MjEsImV4cCI6MTc2OTkwMjUyMSwidXNlcm5hbWUiOiJhZG1pbjIifQ.QU-5g7-ZVEi-yn0zUoI7dFpiNIejIJRWFGz8XGV5dKg',)
18:24:15 - INF - <module> - ('Servicio Finalizado',)
18:24:15 - INF - <module> - ('Servicio Iniciado puerto 10100',)
18:24:18 - INF - <module> - ('Servicio Finalizado',)
18:24:18 - INF - <module> - ('Servicio Finalizado',)
18:24:25 - INF - <module> - ('Servicio Iniciado puerto 10100',)
18:24:25 - INF - <module> - ('Servicio Iniciado puerto 10100',)
18:25:35 - INF - <module> - ('Servicio Finalizado',)
18:25:35 - INF - <module> - ('Servicio Iniciado puerto 10100',)
18:25:46 - INF - <module> - ('Servicio Finalizado',)
18:25:46 - INF - <module> - ('Servicio Finalizado',)
18:25:52 - INF - <module> - ('Servicio Iniciado puerto 10100',)
18:25:52 - INF - <module> - ('Servicio Iniciado puerto 10100',)
18:42:14 - INF - post - ('Servicio para Validar login del usaurio',)
18:42:17 - INF - token_generate - ('Token Generado-> eyJhbGciOiJIUzI1NiIsInR5cCI6IkpXVCJ9.eyJpYXQiOjE3Njk5MDI5MzcsImV4cCI6MTc2OTkwMzgzNywidXNlcm5hbWUiOiJhZG1pbjIifQ.iYYv_qs_ffXiS-rxnT71LPU0Z4in7-KQw-qhJFXzUck',)
18:45:41 - INF - post - ('Servicio para Validar login del usaurio',)
18:45:46 - INF - post - ('Servicio para Validar login del usaurio',)
18:45:47 - INF - token_generate - ('Token Generado-> eyJhbGciOiJIUzI1NiIsInR5cCI6IkpXVCJ9.eyJpYXQiOjE3Njk5MDMxNDcsImV4cCI6MTc2OTkwNDA0NywidXNlcm5hbWUiOiJhZG1pbjIifQ.7QQvJ8T2pXw2U1ziP4fgVdRkOjyJyMrdUlGbYr0CZXg',)
18:50:43 - INF - post - ('Servicio para Validar login del usaurio',)
18:50:43 - INF - post - ('Servicio para Validar login del usaurio',)
18:50:43 - INF - token_generate - ('Token Generado-> eyJhbGciOiJIUzI1NiIsInR5cCI6IkpXVCJ9.eyJpYXQiOjE3Njk5MDM0NDMsImV4cCI6MTc2OTkwNDM0MywidXNlcm5hbWUiOiJhZG1pbjIifQ.NWBCZZvSTZ489JXHjM8ojJEU2xWtq_b3YZVTE-fWpSI',)
18:50:44 - INF - token_generate - ('Token Generado-> eyJhbGciOiJIUzI1NiIsInR5cCI6IkpXVCJ9.eyJpYXQiOjE3Njk5MDM0NDQsImV4cCI6MTc2OTkwNDM0NCwidXNlcm5hbWUiOiJhZG1pbjIifQ.CSVFKTHOaP8W0QQ1WMfeqxmcuNswg_pTsNHpARzvTJg',)
19:07:45 - INF - post - ('Servicio para Validar login del usaurio',)
19:07:47 - INF - token_generate - ('Token Generado-> eyJhbGciOiJIUzI1NiIsInR5cCI6IkpXVCJ9.eyJpYXQiOjE3Njk5MDQ0NjcsImV4cCI6MTc2OTkwNTM2NywidXNlcm5hbWUiOiJhZG1pbjIifQ.nuHQy6YSQoWO6RK3vYkcxN6KBsZEnzNuCbDm3NxgDes',)
19:16:35 - INF - post - ('Servicio para Validar login del usaurio',)
19:16:36 - INF - token_generate - ('Token Generado-> eyJhbGciOiJIUzI1NiIsInR5cCI6IkpXVCJ9.eyJpYXQiOjE3Njk5MDQ5OTYsImV4cCI6MTc2OTkwNTg5NiwidXNlcm5hbWUiOiJhZG1pbjIifQ._FmrweIcYu9jIeY6XXHJPEPlDvXdhCzhs2rkMuVWVfo',)
19:54:41 - INF - post - ('Servicio para Validar login del usaurio',)
19:54:49 - INF - post - ('Servicio para Validar login del usaurio',)
19:54:49 - INF - token_generate - ('Token Generado-> eyJhbGciOiJIUzI1NiIsInR5cCI6IkpXVCJ9.eyJpYXQiOjE3Njk5MDcyODksImV4cCI6MTc2OTkwODE4OSwidXNlcm5hbWUiOiJhZG1pbjIifQ.tgONjOua1DmpcDIQ7W1WK_hXliN2ZcgNzzGFF9lmR28',)
20:15:07 - INF - post - ('Servicio para Validar login del usaurio',)
20:15:11 - INF - post - ('Servicio para Validar login del usaurio',)
20:15:12 - INF - token_generate - ('Token Generado-> eyJhbGciOiJIUzI1NiIsInR5cCI6IkpXVCJ9.eyJpYXQiOjE3Njk5MDg1MTIsImV4cCI6MTc2OTkwOTQxMiwidXNlcm5hbWUiOiJhZG1pbjIifQ.B6NIoYEnh1atM92ED6MsqmESpls6lL_nNur3ti0c-zw',)
20:27:26 - INF - post - ('Servicio para Validar login del usaurio',)
20:27:26 - INF - token_generate - ('Token Generado-> eyJhbGciOiJIUzI1NiIsInR5cCI6IkpXVCJ9.eyJpYXQiOjE3Njk5MDkyNDYsImV4cCI6MTc2OTkxMDE0NiwidXNlcm5hbWUiOiJhZG1pbjIifQ.u1HKAdyBZD4B8ZNnhvrl0W582Tw3ypUpg6ds5y9adUU',)
20:37:07 - INF - post - ('Servicio para Validar login del usaurio',)
20:37:08 - INF - token_generate - ('Token Generado-> eyJhbGciOiJIUzI1NiIsInR5cCI6IkpXVCJ9.eyJpYXQiOjE3Njk5MDk4MjgsImV4cCI6MTc2OTkxMDcyOCwidXNlcm5hbWUiOiJhZG1pbjIifQ.SQqLCSGgBPthPxWRw09qWcSxb4PJ8CCu__F8V5NH8oE',)
20:39:29 - INF - post - ('Servicio para Validar login del usaurio',)
20:39:30 - INF - token_generate - ('Token Generado-> eyJhbGciOiJIUzI1NiIsInR5cCI6IkpXVCJ9.eyJpYXQiOjE3Njk5MDk5NzAsImV4cCI6MTc2OTkxMDg3MCwidXNlcm5hbWUiOiJhZG1pbjIifQ.75996aw7wjDjLgcrkW7C93fRewnvpMiWxVp9QulC52E',)
20:57:01 - INF - post - ('Servicio para Validar login del usaurio',)
20:57:02 - INF - token_generate - ('Token Generado-> eyJhbGciOiJIUzI1NiIsInR5cCI6IkpXVCJ9.eyJpYXQiOjE3Njk5MTEwMjIsImV4cCI6MTc2OTkxMTkyMiwidXNlcm5hbWUiOiJhZG1pbjIifQ.kZG6nh1kTd4IeZyEFnvdZ0r9Kg4FLSWYTwjUCuBWu58',)
21:17:13 - INF - post - ('Servicio para Validar login del usaurio',)
21:17:14 - INF - token_generate - ('Token Generado-> eyJhbGciOiJIUzI1NiIsInR5cCI6IkpXVCJ9.eyJpYXQiOjE3Njk5MTIyMzQsImV4cCI6MTc2OTkxMzEzNCwidXNlcm5hbWUiOiJhZG1pbjIifQ.ZQtu4mK7FCp3zHoeNpX3alaNsg_NOWLBv8inGXfN_Ls',)
21:31:53 - INF - <module> - ('Servicio Finalizado',)
21:31:54 - INF - <module> - ('Servicio Iniciado puerto 10100',)
21:32:21 - INF - <module> - ('Servicio Finalizado',)
21:32:21 - INF - <module> - ('Servicio Iniciado puerto 10100',)
21:32:29 - INF - <module> - ('Servicio Finalizado',)
21:32:29 - INF - <module> - ('Servicio Iniciado puerto 10100',)
21:32:33 - INF - <module> - ('Servicio Finalizado',)
21:32:33 - INF - <module> - ('Servicio Finalizado',)
21:32:38 - INF - <module> - ('Servicio Iniciado puerto 10100',)
21:32:39 - INF - <module> - ('Servicio Iniciado puerto 10100',)
21:38:00 - INF - <module> - ('Servicio Finalizado',)
21:38:01 - INF - <module> - ('Servicio Iniciado puerto 10100',)
21:38:41 - INF - <module> - ('Servicio Finalizado',)
21:38:41 - INF - <module> - ('Servicio Iniciado puerto 10100',)
21:40:05 - INF - <module> - ('Servicio Finalizado',)
21:40:06 - INF - <module> - ('Servicio Finalizado',)
21:40:14 - INF - <module> - ('Servicio Iniciado puerto 10100',)
21:40:14 - INF - <module> - ('Servicio Iniciado puerto 10100',)
21:40:38 - INF - post - ('Servicio para Validar login del usaurio',)
21:40:39 - INF - token_generate - ('Token Generado-> eyJhbGciOiJIUzI1NiIsInR5cCI6IkpXVCJ9.eyJpYXQiOjE3Njk5MTM2MzksImV4cCI6MTc2OTkxNDUzOSwidXNlcm5hbWUiOiJhZG1pbjIifQ.vr9ZpWgfc1hMIPSD9nqf5TySrIsw8Ae8rnHfL8_Mosw',)
21:55:32 - INF - <module> - ('Servicio Finalizado',)
21:55:32 - INF - <module> - ('Servicio Iniciado puerto 10100',)
22:01:30 - INF - <module> - ('Servicio Finalizado',)
22:01:30 - INF - <module> - ('Servicio Finalizado',)
22:34:35 - INF - <module> - ('Servicio Iniciado puerto 10100',)
22:34:36 - INF - <module> - ('Servicio Iniciado puerto 10100',)
22:34:39 - INF - post - ('Servicio para Validar login del usaurio',)
22:34:40 - INF - token_generate - ('Token Generado-> eyJhbGciOiJIUzI1NiIsInR5cCI6IkpXVCJ9.eyJpYXQiOjE3Njk5MTY4ODAsImV4cCI6MTc2OTkxNzc4MCwidXNlcm5hbWUiOiJhZG1pbjIifQ.PUwDf8Y7ylpNYcemfL2jC9vW7NEuf_zzE9TeQJ2GkwU',)
22:45:21 - INF - post - ('Servicio para Validar login del usaurio',)
22:45:30 - INF - post - ('Servicio para Validar login del usaurio',)
22:45:30 - INF - token_generate - ('Token Generado-> eyJhbGciOiJIUzI1NiIsInR5cCI6IkpXVCJ9.eyJpYXQiOjE3Njk5MTc1MzAsImV4cCI6MTc2OTkxODQzMCwidXNlcm5hbWUiOiJhZG1pbjIifQ.A8oTImIIm1yaBAN5Xbf8dGwCU3go4vWA86-O6nviYUQ',)
22:53:53 - INF - <module> - ('Servicio Finalizado',)
22:53:53 - INF - <module> - ('Servicio Iniciado puerto 10100',)
22:53:58 - INF - <module> - ('Servicio Finalizado',)
22:53:58 - INF - <module> - ('Servicio Finalizado',)
22:54:04 - INF - <module> - ('Servicio Iniciado puerto 10100',)
22:54:04 - INF - <module> - ('Servicio Iniciado puerto 10100',)
22:59:08 - INF - post - ('Servicio para Validar login del usaurio',)
22:59:12 - INF - post - ('Servicio para Validar login del usaurio',)
22:59:13 - INF - token_generate - ('Token Generado-> eyJhbGciOiJIUzI1NiIsInR5cCI6IkpXVCJ9.eyJpYXQiOjE3Njk5MTgzNTMsImV4cCI6MTc2OTkxOTI1MywidXNlcm5hbWUiOiJhZG1pbjIifQ.69d1AsvNUXSnyOhy0hAIozmrIDpFFV1zqpL6fgoTCOg',)
23:03:10 - INF - <module> - ('Servicio Finalizado',)
23:03:10 - INF - <module> - ('Servicio Finalizado',)
23:03:17 - INF - <module> - ('Servicio Iniciado puerto 10100',)
23:03:17 - INF - <module> - ('Servicio Iniciado puerto 10100',)
23:03:43 - INF - post - ('Servicio para Validar login del usaurio',)
23:03:47 - INF - post - ('Servicio para Validar login del usaurio',)
23:03:47 - INF - token_generate - ('Token Generado-> eyJhbGciOiJIUzI1NiIsInR5cCI6IkpXVCJ9.eyJpYXQiOjE3Njk5MTg2MjcsImV4cCI6MTc2OTkxOTUyNywidXNlcm5hbWUiOiJhZG1pbjIifQ.u2TMR9QGKWV8peKDdp8GRhk5PEmRMAy8zxmbovzP7Aw',)
23:08:21 - INF - <module> - ('Servicio Finalizado',)
23:08:22 - INF - <module> - ('Servicio Iniciado puerto 10100',)
23:10:05 - INF - post - ('Servicio para Validar login del usaurio',)
23:10:06 - INF - token_generate - ('Token Generado-> eyJhbGciOiJIUzI1NiIsInR5cCI6IkpXVCJ9.eyJpYXQiOjE3Njk5MTkwMDYsImV4cCI6MTc2OTkxOTkwNiwidXNlcm5hbWUiOiJhZG1pbjIifQ.hcX28l1AQkpV88W7oNYfSu8lbIghUJg1CnHeKgs9eYk',)
23:18:43 - INF - <module> - ('Servicio Finalizado',)
23:18:43 - INF - <module> - ('Servicio Finalizado',)
23:19:07 - INF - <module> - ('Servicio Iniciado puerto 10100',)
23:19:08 - INF - <module> - ('Servicio Iniciado puerto 10100',)
23:21:57 - INF - <module> - ('Servicio Finalizado',)
23:21:57 - INF - <module> - ('Servicio Iniciado puerto 10100',)
23:43:19 - INF - <module> - ('Servicio Finalizado',)
23:43:20 - INF - <module> - ('Servicio Iniciado puerto 10100',)
23:45:59 - INF - <module> - ('Servicio Finalizado',)
23:45:59 - INF - <module> - ('Servicio Iniciado puerto 10100',)
23:48:31 - INF - <module> - ('Servicio Finalizado',)
23:48:31 - INF - <module> - ('Servicio Finalizado',)
23:48:38 - INF - <module> - ('Servicio Iniciado puerto 10100',)
23:48:39 - INF - <module> - ('Servicio Iniciado puerto 10100',)
23:48:56 - INF - post - ('Servicio para Validar login del usaurio',)
23:49:00 - INF - post - ('Servicio para Validar login del usaurio',)
23:49:01 - INF - token_generate - ('Token Generado-> eyJhbGciOiJIUzI1NiIsInR5cCI6IkpXVCJ9.eyJpYXQiOjE3Njk5MjEzNDEsImV4cCI6MTc2OTkyMjI0MSwidXNlcm5hbWUiOiJhZG1pbjIifQ.zWLmWW_K5pqXVhtGjGYjbEUQAxKOsROb61e2bQWxO7s',)
23:51:25 - INF - <module> - ('Servicio Finalizado',)
23:51:25 - INF - <module> - ('Servicio Finalizado',)
23:52:30 - INF - <module> - ('Servicio Iniciado puerto 10100',)
23:52:30 - INF - <module> - ('Servicio Iniciado puerto 10100',)
23:52:39 - INF - post - ('Servicio para Validar login del usaurio',)
23:52:40 - INF - token_generate - ('Token Generado-> eyJhbGciOiJIUzI1NiIsInR5cCI6IkpXVCJ9.eyJpYXQiOjE3Njk5MjE1NjAsImV4cCI6MTc2OTkyMjQ2MCwidXNlcm5hbWUiOiJhZG1pbjIifQ._PItjMoro0z8tRpbfLJteKtVpWvEj8cbzjEwozJmYTw',)
23:59:14 - INF - <module> - ('Servicio Finalizado',)
23:59:14 - INF - <module> - ('Servicio Iniciado puerto 10100',)
23:59:22 - INF - <module> - ('Servicio Finalizado',)
23:59:22 - INF - <module> - ('Servicio Iniciado puerto 10100',)
